PRT1
246
765
4 0 2 (2883 2048 2018 ) (2048 2048 2018 ) (2048 2048 -582 ) (2883 2048 -582 ) 
4 0 1 (2048 2048 -582 ) (2048 2048 2018 ) (2048 2226 2018 ) (2048 2226 -582 ) 
4 1 11 (1024 2048 -582 ) (1024 2048 2018 ) (1024 2226 2018 ) (1024 2226 -582 ) 
4 1 10 (2048 2048 -582 ) (2048 2048 47.017601 ) (1024 2048 47.017601 ) (1024 2048 -582 ) 
4 1 8 (1072 2048 231.804001 ) (1024 2048 231.804001 ) (1024 2048 47.017601 ) (1072 2048 47.017601 ) 
4 1 7 (1104 2048 231.804001 ) (1072 2048 231.804001 ) (1072 2048 47.017601 ) (1104 2048 47.017601 ) 
4 1 6 (2048 2048 47.017601 ) (2048 2048 231.804001 ) (1104 2048 231.804001 ) (1104 2048 47.017601 ) 
4 1 4 (1120 2048 2018 ) (1024 2048 2018 ) (1024 2048 231.804001 ) (1120 2048 231.804001 ) 
4 1 3 (2048 2048 231.804001 ) (2048 2048 2018 ) (1120 2048 2018 ) (1120 2048 231.804001 ) 
4 2 64 (2173 1024 2018 ) (2048 1024 2018 ) (2048 1024 -582 ) (2173 1024 -582 ) 
4 2 63 (2883 1024 2018 ) (2173 1024 2018 ) (2173 1024 -582 ) (2883 1024 -582 ) 
4 2 10 (2048 2048 47.017601 ) (2048 2048 -582 ) (2048 1024 -582 ) (2048 1024 47.017601 ) 
4 2 6 (2048 2048 231.804001 ) (2048 2048 47.017601 ) (2048 1024 47.017601 ) (2048 1024 231.804001 ) 
4 2 3 (2048 2048 2018 ) (2048 2048 231.804001 ) (2048 1024 231.804001 ) (2048 1024 2018 ) 
4 3 68 (2048 1024 231.804001 ) (2048 1024 254.902008 ) (1120 1024 254.902008 ) (1120 1024 231.804001 ) 
4 3 67 (2048 1024 254.902008 ) (2048 1024 2018 ) (1120 1024 2018 ) (1120 1024 254.902008 ) 
4 3 6 (2048 2048 231.804001 ) (2048 1024 231.804001 ) (1120 1024 231.804001 ) (1120 2048 231.804001 ) 
4 3 5 (1120 1024 254.902008 ) (1120 1024 2018 ) (1120 1552 2018 ) (1120 1552 254.902008 ) 
4 3 4 (1120 2048 231.804001 ) (1120 1552 231.804001 ) (1120 1552 2018 ) (1120 2048 2018 ) 
4 4 14 (1024 2048 254.902008 ) (1024 2048 231.804001 ) (1024 1552 231.804001 ) (1024 1552 254.902008 ) 
4 4 13 (1024 1552 2018 ) (1024 2048 2018 ) (1024 2048 254.902008 ) (1024 1552 254.902008 ) 
4 4 8 (1024 1552 231.804001 ) (1024 2048 231.804001 ) (1072 2048 231.804001 ) (1072 1552 231.804001 ) 
4 4 7 (1072 2048 231.804001 ) (1104 2048 231.804001 ) (1104 1552 231.804001 ) (1072 1552 231.804001 ) 
4 4 6 (1104 2048 231.804001 ) (1120 2048 231.804001 ) (1120 1552 231.804001 ) (1104 1552 231.804001 ) 
4 4 5 (1120 1552 254.902008 ) (1120 1552 2018 ) (1024 1552 2018 ) (1024 1552 254.902008 ) 
4 5 67 (1120 1024 2018 ) (1024 1024 2018 ) (1024 1024 254.902008 ) (1120 1024 254.902008 ) 
4 5 13 (1024 1024 254.902008 ) (1024 1024 2018 ) (1024 1552 2018 ) (1024 1552 254.902008 ) 
4 6 73 (1883 1024 231.804001 ) (1269 1024 231.804001 ) (1269 1024 47.017601 ) (1883 1024 47.017601 ) 
4 6 75 (1269 1024 231.804001 ) (1104 1024 231.804001 ) (1104 1024 47.017601 ) (1269 1024 47.017601 ) 
4 6 71 (1915 1024 231.804001 ) (1883 1024 231.804001 ) (1883 1024 47.017601 ) (1915 1024 47.017601 ) 
4 6 70 (2048 1024 47.017601 ) (2048 1024 231.804001 ) (1915 1024 231.804001 ) (1915 1024 47.017601 ) 
4 6 10 (2048 1024 47.017601 ) (1104 1024 47.017601 ) (1104 2048 47.017601 ) (2048 2048 47.017601 ) 
4 6 7 (1104 2048 47.017601 ) (1104 1536 47.017601 ) (1104 1536 231.804001 ) (1104 2048 231.804001 ) 
4 7 10 (1072 1536 47.017601 ) (1072 2048 47.017601 ) (1104 2048 47.017601 ) (1104 1536 47.017601 ) 
4 7 8 (1072 2048 47.017601 ) (1072 1536 47.017601 ) (1072 1536 231.804001 ) (1072 2048 231.804001 ) 
4 8 17 (1024 1536 231.804001 ) (1024 2048 231.804001 ) (1024 2048 47.017601 ) (1024 1536 47.017601 ) 
4 8 10 (1024 1536 47.017601 ) (1024 2048 47.017601 ) (1072 2048 47.017601 ) (1072 1536 47.017601 ) 
4 9 78 (1072 1024 231.804001 ) (1024 1024 231.804001 ) (1024 1024 57.123100 ) (1072 1024 57.123100 ) 
4 9 20 (1024 1024 57.123100 ) (1024 1024 62.897598 ) (1024 1114.469971 62.897598 ) (1024 1114.469971 57.123100 ) 
4 9 19 (1024 1114.469971 62.897598 ) (1024 1504 62.897598 ) (1024 1504 57.123100 ) (1024 1114.469971 57.123100 ) 
4 9 18 (1024 1024 62.897598 ) (1024 1024 231.804001 ) (1024 1504 231.804001 ) (1024 1504 62.897598 ) 
4 10 80 (1072 1024 47.017601 ) (1024 1024 47.017601 ) (1024 1024 -582 ) (1072 1024 -582 ) 
4 10 76 (1104 1024 47.017601 ) (1072 1024 47.017601 ) (1072 1024 -582 ) (1104 1024 -582 ) 
4 10 73 (1883 1024 47.017601 ) (1269 1024 47.017601 ) (1269 1024 -582 ) (1883 1024 -582 ) 
4 10 75 (1269 1024 47.017601 ) (1104 1024 47.017601 ) (1104 1024 -582 ) (1269 1024 -582 ) 
4 10 71 (1915 1024 47.017601 ) (1883 1024 47.017601 ) (1883 1024 -582 ) (1915 1024 -582 ) 
4 10 70 (2048 1024 -582 ) (2048 1024 47.017601 ) (1915 1024 47.017601 ) (1915 1024 -582 ) 
4 10 49 (1024 1024 -582 ) (1024 1024 47.017601 ) (1024 2048 47.017601 ) (1024 2048 -582 ) 
4 11 49 (1024 2048 -582 ) (1024 2048 47.017601 ) (0 2048 47.017601 ) (0 2048 -582 ) 
4 11 48 (32 2048 231.804001 ) (0 2048 231.804001 ) (0 2048 47.017601 ) (32 2048 47.017601 ) 
4 11 46 (560 2048 231.804001 ) (528 2048 231.804001 ) (528 2048 47.017601 ) (560 2048 47.017601 ) 
4 11 47 (528 2048 231.804001 ) (32 2048 231.804001 ) (32 2048 47.017601 ) (528 2048 47.017601 ) 
4 11 17 (1024 2048 47.017601 ) (1024 2048 231.804001 ) (560 2048 231.804001 ) (560 2048 47.017601 ) 
4 11 16 (48 2048 254.902008 ) (0 2048 254.902008 ) (0 2048 231.804001 ) (48 2048 231.804001 ) 
4 11 14 (1024 2048 231.804001 ) (1024 2048 254.902008 ) (528 2048 254.902008 ) (528 2048 231.804001 ) 
4 11 15 (528 2048 254.902008 ) (48 2048 254.902008 ) (48 2048 231.804001 ) (528 2048 231.804001 ) 
4 11 13 (1024 2048 254.902008 ) (1024 2048 2018 ) (0 2048 2018 ) (0 2048 254.902008 ) 
4 11 12 (0 2226 -582 ) (0 2048 -582 ) (0 2048 2018 ) (0 2226 2018 ) 
4 12 61 (-1024 2048 -582 ) (-1024 2048 2018 ) (-1024 2226 2018 ) (-1024 2226 -582 ) 
4 12 55 (-1024 2048 47.017601 ) (-1024 2048 -582 ) (0 2048 -582 ) (0 2048 47.017601 ) 
4 12 53 (-544 2048 47.017601 ) (0 2048 47.017601 ) (0 2048 231.804001 ) (-544 2048 231.804001 ) 
4 12 54 (-1024 2048 231.804001 ) (-1024 2048 47.017601 ) (-544 2048 47.017601 ) (-544 2048 231.804001 ) 
4 12 50 (-544 2048 231.804001 ) (0 2048 231.804001 ) (0 2048 2018 ) (-544 2048 2018 ) 
4 12 52 (-1024 2048 2018 ) (-1024 2048 231.804001 ) (-544 2048 231.804001 ) (-544 2048 2018 ) 
4 13 160 (1024 1024 254.902008 ) (1024 1024 2018 ) (0 1024 2018 ) (0 1024 254.902008 ) 
4 13 51 (0 1440 254.902008 ) (0 1024 254.902008 ) (0 1024 2018 ) (0 1440 2018 ) 
4 13 50 (0 2048 2018 ) (0 2048 254.902008 ) (0 1440 254.902008 ) (0 1440 2018 ) 
4 13 16 (0 1440 254.902008 ) (0 2048 254.902008 ) (48 2048 254.902008 ) (48 1440 254.902008 ) 
4 13 14 (528 1552 254.902008 ) (528 2048 254.902008 ) (1024 2048 254.902008 ) (1024 1552 254.902008 ) 
4 13 15 (528 1024 254.902008 ) (48 1024 254.902008 ) (48 2048 254.902008 ) (528 2048 254.902008 ) 
4 14 46 (528 2048 231.804001 ) (560 2048 231.804001 ) (560 1552 231.804001 ) (528 1552 231.804001 ) 
4 14 17 (560 2048 231.804001 ) (1024 2048 231.804001 ) (1024 1552 231.804001 ) (560 1552 231.804001 ) 
4 14 15 (528 2048 231.804001 ) (528 1552 231.804001 ) (528 1552 254.902008 ) (528 2048 254.902008 ) 
4 15 162 (528 1024 254.902008 ) (48 1024 254.902008 ) (48 1024 231.804001 ) (528 1024 231.804001 ) 
4 15 47 (48 2048 231.804001 ) (528 2048 231.804001 ) (528 1024 231.804001 ) (48 1024 231.804001 ) 
4 15 16 (48 2048 231.804001 ) (48 1440 231.804001 ) (48 1440 254.902008 ) (48 2048 254.902008 ) 
4 16 50 (0 2048 254.902008 ) (0 2048 231.804001 ) (0 1440 231.804001 ) (0 1440 254.902008 ) 
4 16 48 (0 2048 231.804001 ) (32 2048 231.804001 ) (32 1440 231.804001 ) (0 1440 231.804001 ) 
4 16 47 (32 2048 231.804001 ) (48 2048 231.804001 ) (48 1440 231.804001 ) (32 1440 231.804001 ) 
4 17 49 (560 1536 47.017601 ) (560 2048 47.017601 ) (1024 2048 47.017601 ) (1024 1536 47.017601 ) 
4 17 46 (560 2048 47.017601 ) (560 1536 47.017601 ) (560 1536 231.804001 ) (560 2048 231.804001 ) 
4 18 163 (1024 1024 62.897598 ) (1024 1024 231.804001 ) (560 1024 231.804001 ) (560 1024 62.897598 ) 
3 18 44 (861.903992 1112.030029 62.897598 ) (864.403931 1112.030029 62.897598 ) (865.903931 1109.030029 62.897598 ) 
3 18 43 (852.907043 1111.033081 62.897598 ) (853.903992 1112.030029 62.897598 ) (856.894714 1112.030029 62.897598 ) 
3 18 42 (864.403931 1112.030029 62.897598 ) (865.570679 1112.030029 62.897598 ) (867.903992 1105.030029 62.897598 ) 
3 18 41 (846.903931 1105.030029 62.897598 ) (848.070618 1112.030029 62.897598 ) (853.903992 1112.030029 62.897598 ) 
3 18 40 (845.903992 1099.030273 62.897598 ) (845.903992 1112.030029 62.897598 ) (848.070618 1112.030029 62.897598 ) 
3 18 39 (865.570679 1112.030029 62.897598 ) (871.404053 1112.030029 62.897598 ) (868.903992 1102.029907 62.897598 ) 
3 18 38 (845.903992 1093.630005 62.897598 ) (845.903992 1094.030029 62.897598 ) (849.903870 1092.030029 62.897598 ) 
3 18 37 (845.903992 1088.529907 62.897598 ) (845.903992 1093.630005 62.897598 ) (854.904053 1090.030029 62.897598 ) 
3 18 36 (845.903992 1079.030029 62.897598 ) (845.903992 1088.529907 62.897598 ) (860.903992 1091.030029 62.897598 ) 
3 18 35 (845.903992 1065.030029 62.897598 ) (845.903992 1079.030029 62.897598 ) (865.903870 1095.029907 62.897598 ) 
4 18 34 (849.396545 1024 62.897598 ) (845.903992 1024 62.897598 ) (845.903992 1065.030029 62.897598 ) (867.904053 1098.030151 62.897598 ) 
4 18 33 (903.548035 1024 62.897598 ) (849.396545 1024 62.897598 ) (871.404053 1112.030029 62.897598 ) (903.548035 1112.030029 62.897598 ) 
4 18 32 (845.903992 1112.030029 62.897598 ) (845.903992 1504 62.897598 ) (903.548035 1504 62.897598 ) (903.548035 1112.030029 62.897598 ) 
4 18 45 (845.903992 1024 62.897598 ) (560 1024 62.897598 ) (560 1504 62.897598 ) (845.903992 1504 62.897598 ) 
3 18 31 (919.547913 1114.469971 62.897598 ) (922.047974 1114.469971 62.897598 ) (923.547974 1111.469971 62.897598 ) 
3 18 30 (910.547974 1113.469849 62.897598 ) (911.548035 1114.469971 62.897598 ) (914.548279 1114.469971 62.897598 ) 
3 18 29 (922.047974 1114.469971 62.897598 ) (923.214600 1114.469971 62.897598 ) (925.547852 1107.470215 62.897598 ) 
3 18 28 (904.548096 1107.470093 62.897598 ) (905.714722 1114.469971 62.897598 ) (911.548035 1114.469971 62.897598 ) 
3 18 27 (903.548035 1101.469727 62.897598 ) (903.548035 1114.469971 62.897598 ) (905.714722 1114.469971 62.897598 ) 
3 18 26 (923.214600 1114.469971 62.897598 ) (929.048035 1114.469971 62.897598 ) (926.547974 1104.469849 62.897598 ) 
3 18 25 (903.548035 1096.069946 62.897598 ) (903.548035 1096.469971 62.897598 ) (907.547913 1094.469971 62.897598 ) 
3 18 24 (903.548035 1090.969849 62.897598 ) (903.548035 1096.069946 62.897598 ) (912.548157 1092.469971 62.897598 ) 
3 18 23 (903.548035 1081.470093 62.897598 ) (903.548035 1090.969849 62.897598 ) (918.547913 1093.469971 62.897598 ) 
3 18 22 (903.548035 1067.470093 62.897598 ) (903.548035 1081.470093 62.897598 ) (923.547974 1097.469971 62.897598 ) 
4 18 21 (906.430481 1024 62.897598 ) (903.548035 1024 62.897598 ) (903.548035 1067.470093 62.897598 ) (925.548035 1100.470093 62.897598 ) 
4 18 20 (1024 1024 62.897598 ) (906.430481 1024 62.897598 ) (929.048035 1114.469971 62.897598 ) (1024 1114.469971 62.897598 ) 
4 18 19 (903.548035 1114.469971 62.897598 ) (903.548035 1504 62.897598 ) (1024 1504 62.897598 ) (1024 1114.469971 62.897598 ) 
4 19 32 (903.548035 1504 57.123100 ) (903.548035 1114.469971 57.123100 ) (903.548035 1114.469971 62.897598 ) (903.548035 1504 62.897598 ) 
4 19 31 (919.547913 1114.469971 57.123100 ) (922.047974 1114.469971 57.123100 ) (922.047974 1114.469971 62.897598 ) (919.547913 1114.469971 62.897598 ) 
4 19 30 (911.548035 1114.469971 57.123100 ) (914.548279 1114.469971 57.123100 ) (914.548279 1114.469971 62.897598 ) (911.548035 1114.469971 62.897598 ) 
4 19 29 (922.047974 1114.469971 57.123100 ) (923.214600 1114.469971 57.123100 ) (923.214600 1114.469971 62.897598 ) (922.047974 1114.469971 62.897598 ) 
4 19 28 (905.714722 1114.469971 57.123100 ) (911.548035 1114.469971 57.123100 ) (911.548035 1114.469971 62.897598 ) (905.714722 1114.469971 62.897598 ) 
4 19 27 (903.548035 1114.469971 62.897598 ) (903.548035 1114.469971 57.123100 ) (905.714722 1114.469971 57.123100 ) (905.714722 1114.469971 62.897598 ) 
4 19 26 (923.214600 1114.469971 57.123100 ) (929.048035 1114.469971 57.123100 ) (929.048035 1114.469971 62.897598 ) (923.214600 1114.469971 62.897598 ) 
4 19 20 (929.048035 1114.469971 57.123100 ) (1024 1114.469971 57.123100 ) (1024 1114.469971 62.897598 ) (929.048035 1114.469971 62.897598 ) 
4 20 163 (1024 1024 57.123100 ) (1024 1024 62.897598 ) (906.430481 1024 62.897598 ) (906.430481 1024 57.123100 ) 
4 20 26 (929.048340 1114.469971 62.897598 ) (929.048340 1114.469971 57.123100 ) (926.548218 1104.469238 57.123100 ) (926.548218 1104.469238 62.897598 ) 
4 20 21 (925.548645 1100.470947 57.123100 ) (906.431091 1024 57.123100 ) (906.431091 1024 62.897598 ) (925.548645 1100.470947 62.897598 ) 
4 21 163 (906.430481 1024 62.897598 ) (903.548035 1024 62.897598 ) (903.548035 1024 57.123100 ) (906.430481 1024 57.123100 ) 
4 21 33 (903.548035 1067.470093 57.123100 ) (903.548035 1024 57.123100 ) (903.548035 1024 62.897598 ) (903.548035 1067.470093 62.897598 ) 
4 21 22 (923.550354 1097.471924 57.123100 ) (903.548035 1067.467651 57.123100 ) (903.548035 1067.467651 62.897598 ) (923.550354 1097.471924 62.897598 ) 
4 22 33 (903.548035 1081.470093 57.123100 ) (903.548035 1067.470093 57.123100 ) (903.548035 1067.470093 62.897598 ) (903.548035 1081.470093 62.897598 ) 
4 22 23 (918.546875 1093.469727 57.123100 ) (903.548035 1081.469971 57.123100 ) (903.548035 1081.469971 62.897598 ) (918.546875 1093.469727 62.897598 ) 
4 23 33 (903.548035 1090.969849 57.123100 ) (903.548035 1081.470093 57.123100 ) (903.548035 1081.470093 62.897598 ) (903.548035 1090.969849 62.897598 ) 
4 23 24 (912.547974 1092.469971 57.123100 ) (903.548035 1090.969971 57.123100 ) (903.548035 1090.969971 62.897598 ) (912.547974 1092.469971 62.897598 ) 
4 24 33 (903.548035 1096.069946 57.123100 ) (903.548035 1090.969849 57.123100 ) (903.548035 1090.969849 62.897598 ) (903.548035 1096.069946 62.897598 ) 
4 24 25 (907.554016 1094.467041 57.123100 ) (903.548035 1096.069336 57.123100 ) (903.548035 1096.069336 62.897598 ) (907.554016 1094.467041 62.897598 ) 
4 25 33 (903.548035 1096.469971 57.123100 ) (903.548035 1096.069946 57.123100 ) (903.548035 1096.069946 62.897598 ) (903.548035 1096.469971 62.897598 ) 
4 26 29 (923.214355 1114.469971 62.897598 ) (923.214355 1114.469971 57.123100 ) (925.547424 1107.471069 57.123100 ) (925.547424 1107.471069 62.897598 ) 
4 27 33 (903.548035 1112.030029 57.123100 ) (903.548035 1101.469727 57.123100 ) (903.548035 1101.469727 62.897598 ) (903.548035 1112.030029 62.897598 ) 
4 27 32 (903.548035 1114.469971 57.123100 ) (903.548035 1112.030029 57.123100 ) (903.548035 1112.030029 62.897598 ) (903.548035 1114.469971 62.897598 ) 
4 27 28 (904.547302 1107.469360 57.123100 ) (905.714111 1114.469971 57.123100 ) (905.714111 1114.469971 62.897598 ) (904.547302 1107.469360 62.897598 ) 
4 28 30 (910.548035 1113.469849 57.123100 ) (911.548096 1114.469971 57.123100 ) (911.548096 1114.469971 62.897598 ) (910.548035 1113.469849 62.897598 ) 
4 29 31 (922.048218 1114.469971 62.897598 ) (922.048218 1114.469971 57.123100 ) (923.548340 1111.469727 57.123100 ) (923.548340 1111.469727 62.897598 ) 
4 32 44 (861.903992 1112.030029 57.123100 ) (864.403931 1112.030029 57.123100 ) (864.403931 1112.030029 62.897598 ) (861.903992 1112.030029 62.897598 ) 
4 32 43 (853.903992 1112.030029 57.123100 ) (856.894714 1112.030029 57.123100 ) (856.894714 1112.030029 62.897598 ) (853.903992 1112.030029 62.897598 ) 
4 32 42 (864.403931 1112.030029 57.123100 ) (865.570679 1112.030029 57.123100 ) (865.570679 1112.030029 62.897598 ) (864.403931 1112.030029 62.897598 ) 
4 32 41 (848.070618 1112.030029 57.123100 ) (853.903992 1112.030029 57.123100 ) (853.903992 1112.030029 62.897598 ) (848.070618 1112.030029 62.897598 ) 
4 32 40 (845.903992 1112.030029 62.897598 ) (845.903992 1112.030029 57.123100 ) (848.070618 1112.030029 57.123100 ) (848.070618 1112.030029 62.897598 ) 
4 32 39 (865.570679 1112.030029 57.123100 ) (871.404053 1112.030029 57.123100 ) (871.404053 1112.030029 62.897598 ) (865.570679 1112.030029 62.897598 ) 
4 32 33 (871.404053 1112.030029 57.123100 ) (903.548035 1112.030029 57.123100 ) (903.548035 1112.030029 62.897598 ) (871.404053 1112.030029 62.897598 ) 
4 32 45 (845.903992 1504 57.123100 ) (845.903992 1112.030029 57.123100 ) (845.903992 1112.030029 62.897598 ) (845.903992 1504 62.897598 ) 
4 33 163 (903.548035 1024 62.897598 ) (849.396545 1024 62.897598 ) (849.396545 1024 57.123100 ) (903.548035 1024 57.123100 ) 
4 33 39 (871.403809 1112.030029 62.897598 ) (871.403809 1112.030029 57.123100 ) (868.903870 1102.030396 57.123100 ) (868.903870 1102.030396 62.897598 ) 
4 33 34 (867.903625 1098.029419 57.123100 ) (849.396057 1024 57.123100 ) (849.396057 1024 62.897598 ) (867.903625 1098.029419 62.897598 ) 
4 34 163 (849.396545 1024 62.897598 ) (845.903992 1024 62.897598 ) (845.903992 1024 57.123100 ) (849.396545 1024 57.123100 ) 
4 34 35 (865.903015 1095.029297 57.123100 ) (845.903992 1065.029541 57.123100 ) (845.903992 1065.029541 62.897598 ) (865.903015 1095.029297 62.897598 ) 
4 34 45 (845.903992 1065.030029 57.123100 ) (845.903992 1024 57.123100 ) (845.903992 1024 62.897598 ) (845.903992 1065.030029 62.897598 ) 
4 35 36 (860.905640 1091.030273 57.123100 ) (845.903992 1079.028809 57.123100 ) (845.903992 1079.028809 62.897598 ) (860.905640 1091.030273 62.897598 ) 
4 35 45 (845.903992 1079.030029 57.123100 ) (845.903992 1065.030029 57.123100 ) (845.903992 1065.030029 62.897598 ) (845.903992 1079.030029 62.897598 ) 
4 36 37 (854.903748 1090.030151 57.123100 ) (845.903992 1088.530151 57.123100 ) (845.903992 1088.530151 62.897598 ) (854.903748 1090.030151 62.897598 ) 
4 36 45 (845.903992 1088.529907 57.123100 ) (845.903992 1079.030029 57.123100 ) (845.903992 1079.030029 62.897598 ) (845.903992 1088.529907 62.897598 ) 
4 37 38 (849.915588 1092.024292 57.123100 ) (845.903992 1093.628906 57.123100 ) (845.903992 1093.628906 62.897598 ) (849.915588 1092.024292 62.897598 ) 
4 37 45 (845.903992 1093.630005 57.123100 ) (845.903992 1088.529907 57.123100 ) (845.903992 1088.529907 62.897598 ) (845.903992 1093.630005 62.897598 ) 
4 38 45 (845.903992 1094.030029 57.123100 ) (845.903992 1093.630005 57.123100 ) (845.903992 1093.630005 62.897598 ) (845.903992 1094.030029 62.897598 ) 
4 39 42 (865.569824 1112.030029 62.897598 ) (865.569824 1112.030029 57.123100 ) (867.903381 1105.031250 57.123100 ) (867.903381 1105.031250 62.897598 ) 
4 40 41 (846.903076 1105.029175 57.123100 ) (848.069885 1112.030029 57.123100 ) (848.069885 1112.030029 62.897598 ) (846.903076 1105.029175 62.897598 ) 
4 40 45 (845.903992 1112.030029 57.123100 ) (845.903992 1099.030273 57.123100 ) (845.903992 1099.030273 62.897598 ) (845.903992 1112.030029 62.897598 ) 
4 41 43 (852.908447 1111.033447 57.123100 ) (853.905029 1112.030029 57.123100 ) (853.905029 1112.030029 62.897598 ) (852.908447 1111.033447 62.897598 ) 
4 42 44 (864.404907 1112.030029 62.897598 ) (864.404907 1112.030029 57.123100 ) (865.905396 1109.029053 57.123100 ) (865.905396 1109.029053 62.897598 ) 
4 45 163 (845.903992 1024 62.897598 ) (560 1024 62.897598 ) (560 1024 57.123100 ) (845.903992 1024 57.123100 ) 
4 46 49 (528 1536 47.017601 ) (528 2048 47.017601 ) (560 2048 47.017601 ) (560 1536 47.017601 ) 
4 46 47 (528 2048 47.017601 ) (528 1536 47.017601 ) (528 1536 231.804001 ) (528 2048 231.804001 ) 
4 47 166 (528 1024 231.804001 ) (32 1024 231.804001 ) (32 1024 47.017601 ) (528 1024 47.017601 ) 
4 47 49 (528 1024 47.017601 ) (32 1024 47.017601 ) (32 2048 47.017601 ) (528 2048 47.017601 ) 
4 47 48 (32 2048 47.017601 ) (32 1376 47.017601 ) (32 1376 231.804001 ) (32 2048 231.804001 ) 
4 48 53 (0 2048 231.804001 ) (0 2048 47.017601 ) (0 1376 47.017601 ) (0 1376 231.804001 ) 
4 48 49 (0 1376 47.017601 ) (0 2048 47.017601 ) (32 2048 47.017601 ) (32 1376 47.017601 ) 
4 49 172 (1024 1024 -582 ) (1024 1024 47.017601 ) (0 1024 47.017601 ) (0 1024 -582 ) 
4 49 57 (0 1344 -582 ) (0 1024 -582 ) (0 1024 47.017601 ) (0 1344 47.017601 ) 
4 49 55 (0 2048 47.017601 ) (0 2048 -582 ) (0 1344 -582 ) (0 1344 47.017601 ) 
4 50 53 (-544 2048 231.804001 ) (0 2048 231.804001 ) (0 1440 231.804001 ) (-544 1440 231.804001 ) 
4 50 51 (-544 1440 2018 ) (-544 1440 254.902008 ) (0 1440 254.902008 ) (0 1440 2018 ) 
4 50 52 (-544 2048 231.804001 ) (-544 1440 231.804001 ) (-544 1440 2018 ) (-544 2048 2018 ) 
4 51 185 (-512 1024 2018 ) (-544 1024 2018 ) (-544 1024 254.902008 ) (-512 1024 254.902008 ) 
4 51 173 (0 1024 254.902008 ) (0 1024 2018 ) (-512 1024 2018 ) (-512 1024 254.902008 ) 
4 51 52 (-544 1024 254.902008 ) (-544 1024 2018 ) (-544 1440 2018 ) (-544 1440 254.902008 ) 
4 52 188 (-544 1024 2018 ) (-1024 1024 2018 ) (-1024 1024 231.804001 ) (-544 1024 231.804001 ) 
4 52 62 (-1024 1024 231.804001 ) (-1024 1024 2018 ) (-1024 2048 2018 ) (-1024 2048 231.804001 ) 
4 52 58 (-1024 1024 231.804001 ) (-1024 1344 231.804001 ) (-544 1344 231.804001 ) (-544 1024 231.804001 ) 
4 52 54 (-1024 1344 231.804001 ) (-1024 2048 231.804001 ) (-544 2048 231.804001 ) (-544 1344 231.804001 ) 
4 53 55 (-544 1376 47.017601 ) (-544 2048 47.017601 ) (0 2048 47.017601 ) (0 1376 47.017601 ) 
4 53 54 (-544 2048 47.017601 ) (-544 1376 47.017601 ) (-544 1376 231.804001 ) (-544 2048 231.804001 ) 
4 54 62 (-1024 1344 47.017601 ) (-1024 1344 231.804001 ) (-1024 2048 231.804001 ) (-1024 2048 47.017601 ) 
4 54 59 (-1024 1344 185.606995 ) (-1024 1344 47.017601 ) (-544 1344 47.017601 ) (-544 1344 185.606995 ) 
4 54 58 (-544 1344 231.804001 ) (-1024 1344 231.804001 ) (-1024 1344 185.606995 ) (-544 1344 185.606995 ) 
4 54 55 (-544 1344 47.017601 ) (-1024 1344 47.017601 ) (-1024 2048 47.017601 ) (-544 2048 47.017601 ) 
4 55 62 (-1024 1344 -582 ) (-1024 1344 47.017601 ) (-1024 2048 47.017601 ) (-1024 2048 -582 ) 
4 55 60 (-512 1344 47.017601 ) (-1024 1344 47.017601 ) (-1024 1344 -582 ) (-512 1344 -582 ) 
4 55 57 (0 1344 -582 ) (0 1344 47.017601 ) (-512 1344 47.017601 ) (-512 1344 -582 ) 
4 56 179 (0 1024 58.566704 ) (0 1024 231.804001 ) (-512 1024 231.804001 ) (-512 1024 58.566704 ) 
4 57 195 (0 1024 -582 ) (0 1024 47.017601 ) (-512 1024 47.017601 ) (-512 1024 -582 ) 
4 57 60 (-512 1344 47.017601 ) (-512 1344 -582 ) (-512 1024 -582 ) (-512 1024 47.017601 ) 
4 58 190 (-544 1024 231.804001 ) (-1024 1024 231.804001 ) (-1024 1024 185.606995 ) (-544 1024 185.606995 ) 
4 58 62 (-1024 1024 185.606995 ) (-1024 1024 231.804001 ) (-1024 1344 231.804001 ) (-1024 1344 185.606995 ) 
4 58 59 (-1024 1344 185.606995 ) (-544 1344 185.606995 ) (-544 1024 185.606995 ) (-1024 1024 185.606995 ) 
4 59 190 (-544 1024 185.606995 ) (-1024 1024 185.606995 ) (-1024 1024 47.017601 ) (-544 1024 47.017601 ) 
4 59 62 (-1024 1024 47.017601 ) (-1024 1024 185.606995 ) (-1024 1344 185.606995 ) (-1024 1344 47.017601 ) 
4 59 60 (-1024 1024 47.017601 ) (-1024 1344 47.017601 ) (-544 1344 47.017601 ) (-544 1024 47.017601 ) 
4 60 196 (-544 1024 47.017601 ) (-1024 1024 47.017601 ) (-1024 1024 -582 ) (-544 1024 -582 ) 
4 60 195 (-512 1024 -582 ) (-512 1024 47.017601 ) (-544 1024 47.017601 ) (-544 1024 -582 ) 
4 60 62 (-1024 1024 -582 ) (-1024 1024 47.017601 ) (-1024 1344 47.017601 ) (-1024 1344 -582 ) 
4 61 62 (-1024 2048 -582 ) (-1024 2048 2018 ) (-1782 2048 2018 ) (-1782 2048 -582 ) 
4 62 238 (-1485 1024 231.804001 ) (-1782 1024 231.804001 ) (-1782 1024 -582 ) (-1485 1024 -582 ) 
4 62 227 (-1024 1024 44.468399 ) (-1024 1024 231.804001 ) (-1485 1024 231.804001 ) (-1485 1024 44.468399 ) 
4 62 237 (-1024 1024 -582 ) (-1024 1024 44.468399 ) (-1485 1024 44.468399 ) (-1485 1024 -582 ) 
4 62 226 (-1472 1024 2018 ) (-1782 1024 2018 ) (-1782 1024 231.804001 ) (-1472 1024 231.804001 ) 
4 62 224 (-1024 1024 231.804001 ) (-1024 1024 2018 ) (-1472 1024 2018 ) (-1472 1024 231.804001 ) 
4 63 81 (2883 0 2018 ) (2173 0 2018 ) (2173 0 -582 ) (2883 0 -582 ) 
4 63 65 (2173 0 254.902008 ) (2173 0 2018 ) (2173 768 2018 ) (2173 768 254.902008 ) 
4 63 66 (2173 768 -582 ) (2173 0 -582 ) (2173 0 231.804001 ) (2173 768 231.804001 ) 
4 63 64 (2173 1024 -582 ) (2173 768 -582 ) (2173 768 2018 ) (2173 1024 2018 ) 
4 64 70 (2048 1024 231.804001 ) (2048 1024 -582 ) (2048 768 -582 ) (2048 768 231.804001 ) 
4 64 69 (2048 880 231.804001 ) (2048 768 231.804001 ) (2048 768 254.902008 ) (2048 880 254.902008 ) 
4 64 68 (2048 1024 254.902008 ) (2048 1024 231.804001 ) (2048 880 231.804001 ) (2048 880 254.902008 ) 
4 64 67 (2048 1024 2018 ) (2048 1024 254.902008 ) (2048 768 254.902008 ) (2048 768 2018 ) 
4 64 65 (2173 768 254.902008 ) (2173 768 2018 ) (2048 768 2018 ) (2048 768 254.902008 ) 
4 64 66 (2048 768 -582 ) (2173 768 -582 ) (2173 768 231.804001 ) (2048 768 231.804001 ) 
4 65 82 (2173 0 2018 ) (2048 0 2018 ) (2048 0 254.902008 ) (2173 0 254.902008 ) 
4 65 67 (2048 0 254.902008 ) (2048 0 2018 ) (2048 768 2018 ) (2048 768 254.902008 ) 
4 66 83 (2048 0 231.804001 ) (2048 0 -582 ) (2173 0 -582 ) (2173 0 231.804001 ) 
4 66 70 (2048 768 -582 ) (2048 0 -582 ) (2048 0 231.804001 ) (2048 768 231.804001 ) 
4 67 160 (1024 1024 2018 ) (1024 1024 254.902008 ) (1024 0 254.902008 ) (1024 0 2018 ) 
4 67 85 (2048 0 254.902008 ) (2048 0 2018 ) (1024 0 2018 ) (1024 0 254.902008 ) 
4 67 69 (1024 768 254.902008 ) (1024 880 254.902008 ) (2048 880 254.902008 ) (2048 768 254.902008 ) 
4 67 68 (1120 1024 254.902008 ) (2048 1024 254.902008 ) (2048 880 254.902008 ) (1120 880 254.902008 ) 
4 68 73 (1269 1024 231.804001 ) (1883 1024 231.804001 ) (1883 880 231.804001 ) (1269 880 231.804001 ) 
4 68 75 (1120 1024 231.804001 ) (1269 1024 231.804001 ) (1269 880 231.804001 ) (1120 880 231.804001 ) 
4 68 71 (1883 1024 231.804001 ) (1915 1024 231.804001 ) (1915 880 231.804001 ) (1883 880 231.804001 ) 
4 68 70 (1915 1024 231.804001 ) (2048 1024 231.804001 ) (2048 880 231.804001 ) (1915 880 231.804001 ) 
4 68 69 (1120 880 231.804001 ) (2048 880 231.804001 ) (2048 880 254.902008 ) (1120 880 254.902008 ) 
4 69 161 (1024 880 231.804001 ) (1024 768 231.804001 ) (1024 768 254.902008 ) (1024 880 254.902008 ) 
4 69 79 (1072 768 231.804001 ) (1024 768 231.804001 ) (1024 880 231.804001 ) (1072 880 231.804001 ) 
4 69 77 (1104 768 231.804001 ) (1072 768 231.804001 ) (1072 880 231.804001 ) (1104 880 231.804001 ) 
4 69 73 (1883 768 231.804001 ) (1269 768 231.804001 ) (1269 880 231.804001 ) (1883 880 231.804001 ) 
4 69 75 (1269 768 231.804001 ) (1104 768 231.804001 ) (1104 880 231.804001 ) (1269 880 231.804001 ) 
4 69 71 (1915 768 231.804001 ) (1883 768 231.804001 ) (1883 880 231.804001 ) (1915 880 231.804001 ) 
4 69 70 (2048 880 231.804001 ) (2048 768 231.804001 ) (1915 768 231.804001 ) (1915 880 231.804001 ) 
4 70 122 (2048 0 -582 ) (2048 0 46 ) (1915 0 46 ) (1915 0 -582 ) 
4 70 87 (2048 0 46 ) (2048 0 231.804001 ) (1915 0 231.804001 ) (1915 0 46 ) 
4 70 72 (1915 2 -582 ) (1915 0 -582 ) (1915 0 46.085400 ) (1915 2 46.085400 ) 
4 70 71 (1915 1024 -582 ) (1915 2 -582 ) (1915 2 231.804001 ) (1915 1024 231.804001 ) 
4 71 73 (1883 2 231.804001 ) (1883 1024 231.804001 ) (1883 1024 -582 ) (1883 2 -582 ) 
4 71 72 (1883 2 46.085400 ) (1883 2 -582 ) (1915 2 -582 ) (1915 2 46.085400 ) 
4 72 122 (1883 0 46.085400 ) (1883 0 -582 ) (1915 0 -582 ) (1915 0 46.085400 ) 
4 72 74 (1883 0 -582 ) (1883 0 46.085400 ) (1883 2 46.085400 ) (1883 2 -582 ) 
4 73 74 (1269 2 47.170799 ) (1269 2 -582 ) (1883 2 -582 ) (1883 2 47.170799 ) 
4 73 75 (1269 1024 -582 ) (1269 2 -582 ) (1269 2 231.804001 ) (1269 1024 231.804001 ) 
4 74 122 (1883 0 -582 ) (1883 0 46 ) (1269 0 46 ) (1269 0 -582 ) 
4 74 89 (1883 0 46 ) (1883 0 47.170799 ) (1269 0 47.170799 ) (1269 0 46 ) 
4 74 75 (1269 2 -582 ) (1269 0 -582 ) (1269 0 47.170799 ) (1269 2 47.170799 ) 
4 75 122 (1104 0 46 ) (1104 0 -582 ) (1269 0 -582 ) (1269 0 46 ) 
4 75 90 (1269 0 231.804001 ) (1104 0 231.804001 ) (1104 0 46 ) (1269 0 46 ) 
4 75 76 (1104 1024 -582 ) (1104 960 -582 ) (1104 960 47.017601 ) (1104 1024 47.017601 ) 
4 75 77 (1104 960 -582 ) (1104 0 -582 ) (1104 0 231.804001 ) (1104 960 231.804001 ) 
4 76 80 (1072 1024 47.017601 ) (1072 1024 -582 ) (1072 960 -582 ) (1072 960 47.017601 ) 
4 76 77 (1072 960 47.017601 ) (1072 960 -582 ) (1104 960 -582 ) (1104 960 47.017601 ) 
4 77 122 (1072 0 46 ) (1072 0 -582 ) (1104 0 -582 ) (1104 0 46 ) 
4 77 90 (1104 0 231.804001 ) (1072 0 231.804001 ) (1072 0 46 ) (1104 0 46 ) 
4 77 80 (1072 960 47.017601 ) (1072 960 -582 ) (1072 0 -582 ) (1072 0 47.017601 ) 
4 77 79 (1072 0 231.804001 ) (1072 960 231.804001 ) (1072 960 47.017601 ) (1072 0 47.017601 ) 
4 78 163 (1024 1024 231.804001 ) (1024 1024 57.123100 ) (1024 992 57.123100 ) (1024 992 231.804001 ) 
4 79 167 (1024 832 47.017601 ) (1024 0 47.017601 ) (1024 0 231.804001 ) (1024 832 231.804001 ) 
4 79 164 (1024 960 47.017601 ) (1024 832 47.017601 ) (1024 832 231.804001 ) (1024 960 231.804001 ) 
4 79 90 (1072 0 47.017601 ) (1072 0 231.804001 ) (1024 0 231.804001 ) (1024 0 47.017601 ) 
4 79 80 (1072 960 47.017601 ) (1072 0 47.017601 ) (1024 0 47.017601 ) (1024 960 47.017601 ) 
4 80 172 (1024 1024 47.017601 ) (1024 1024 -582 ) (1024 0 -582 ) (1024 0 47.017601 ) 
4 80 122 (1072 0 -582 ) (1072 0 46 ) (1024 0 46 ) (1024 0 -582 ) 
4 80 90 (1072 0 46 ) (1072 0 47.017601 ) (1024 0 47.017601 ) (1024 0 46 ) 
4 81 158 (2883 -1024 2018 ) (2173 -1024 2018 ) (2173 -1024 -582 ) (2883 -1024 -582 ) 
4 81 82 (2173 -724 254.902008 ) (2173 -724 2018 ) (2173 0 2018 ) (2173 0 254.902008 ) 
4 81 83 (2173 0 -582 ) (2173 -724 -582 ) (2173 -724 231.804001 ) (2173 0 231.804001 ) 
4 81 84 (2173 -724 -582 ) (2173 -1024 -582 ) (2173 -1024 2018 ) (2173 -724 2018 ) 
4 82 85 (2048 0 2018 ) (2048 0 254.902008 ) (2048 -724 254.902008 ) (2048 -724 2018 ) 
4 82 84 (2173 -724 254.902008 ) (2173 -724 2018 ) (2048 -724 2018 ) (2048 -724 254.902008 ) 
4 83 157 (2048 -546 -582 ) (2048 -724 -582 ) (2048 -724 46 ) (2048 -546 46 ) 
4 83 125 (2048 -22 -582 ) (2048 -546 -582 ) (2048 -546 -56 ) (2048 -22 -56 ) 
4 83 124 (2048 -546 -56 ) (2048 -546 -38 ) (2048 -22 -38 ) (2048 -22 -56 ) 
4 83 123 (2048 -546 -38 ) (2048 -546 46 ) (2048 -22 46 ) (2048 -22 -38 ) 
4 83 122 (2048 0 46 ) (2048 0 -582 ) (2048 -22 -582 ) (2048 -22 46 ) 
4 83 87 (2048 0 231.804001 ) (2048 0 46 ) (2048 -724 46 ) (2048 -724 231.804001 ) 
4 83 84 (2048 -724 -582 ) (2173 -724 -582 ) (2173 -724 231.804001 ) (2048 -724 231.804001 ) 
4 84 158 (2173 -1024 2018 ) (2048 -1024 2018 ) (2048 -1024 -582 ) (2173 -1024 -582 ) 
4 84 157 (2048 -724 -582 ) (2048 -1024 -582 ) (2048 -1024 46 ) (2048 -724 46 ) 
4 84 87 (2048 -1024 46 ) (2048 -1024 231.804001 ) (2048 -724 231.804001 ) (2048 -724 46 ) 
4 84 86 (2048 -1024 231.804001 ) (2048 -1024 254.902008 ) (2048 -724 254.902008 ) (2048 -724 231.804001 ) 
4 84 85 (2048 -1024 254.902008 ) (2048 -1024 2018 ) (2048 -724 2018 ) (2048 -724 254.902008 ) 
4 85 208 (1024 -1024 254.902008 ) (1024 -1024 2018 ) (1024 -160 2018 ) (1024 -160 254.902008 ) 
4 85 199 (1024 -160 2018 ) (1024 0 2018 ) (1024 0 254.902008 ) (1024 -160 254.902008 ) 
4 85 159 (2048 -1024 254.902008 ) (2048 -1024 2018 ) (1024 -1024 2018 ) (1024 -1024 254.902008 ) 
4 85 86 (2048 -724 254.902008 ) (2048 -1024 254.902008 ) (1024 -1024 254.902008 ) (1024 -724 254.902008 ) 
4 86 209 (1024 -1024 231.804001 ) (1024 -1024 254.902008 ) (1024 -724 254.902008 ) (1024 -724 231.804001 ) 
4 86 159 (2048 -1024 231.804001 ) (2048 -1024 254.902008 ) (1024 -1024 254.902008 ) (1024 -1024 231.804001 ) 
4 86 120 (1883 -1024 231.804001 ) (1269 -1024 231.804001 ) (1269 -724 231.804001 ) (1883 -724 231.804001 ) 
4 86 121 (1269 -1024 231.804001 ) (1024 -1024 231.804001 ) (1024 -724 231.804001 ) (1269 -724 231.804001 ) 
4 86 88 (1915 -1024 231.804001 ) (1883 -1024 231.804001 ) (1883 -724 231.804001 ) (1915 -724 231.804001 ) 
4 86 87 (2048 -1024 231.804001 ) (1915 -1024 231.804001 ) (1915 -724 231.804001 ) (2048 -724 231.804001 ) 
4 87 159 (2048 -1024 46 ) (2048 -1024 231.804001 ) (1915 -1024 231.804001 ) (1915 -1024 46 ) 
4 87 157 (2048 -546 46 ) (2048 -1024 46 ) (1915 -1024 46 ) (1915 -546 46 ) 
4 87 123 (2048 -22 46 ) (2048 -546 46 ) (1915 -546 46 ) (1915 -22 46 ) 
4 87 122 (2048 0 46 ) (2048 -22 46 ) (1915 -22 46 ) (1915 0 46 ) 
4 87 88 (1915 -570 46 ) (1915 -1024 46 ) (1915 -1024 231.804001 ) (1915 -570 231.804001 ) 
4 88 159 (1915 -1024 231.804001 ) (1883 -1024 231.804001 ) (1883 -1024 46 ) (1915 -1024 46 ) 
4 88 157 (1915 -1024 46 ) (1883 -1024 46 ) (1883 -570 46 ) (1915 -570 46 ) 
4 88 120 (1883 -570 46 ) (1883 -1024 46 ) (1883 -1024 231.804001 ) (1883 -570 231.804001 ) 
4 89 122 (1269 0 46 ) (1883 0 46 ) (1883 -22 46 ) (1269 -22 46 ) 
4 89 110 (1269 -22 46 ) (1301 -22 46 ) (1301 -22 47.170799 ) (1269 -22 47.170799 ) 
4 89 90 (1269 0 46 ) (1269 -22 46 ) (1269 -22 47.170799 ) (1269 0 47.170799 ) 
4 90 202 (1024 0 47.017601 ) (1024 0 46 ) (1024 -22 46 ) (1024 -22 47.017601 ) 
4 90 200 (1024 -22 231.804001 ) (1024 0 231.804001 ) (1024 0 47.017601 ) (1024 -22 47.017601 ) 
4 90 122 (1024 -22 46 ) (1024 0 46 ) (1269 0 46 ) (1269 -22 46 ) 
4 90 111 (1024 -22 46 ) (1269 -22 46 ) (1269 -22 231.804001 ) (1024 -22 231.804001 ) 
4 91 108 (1840 -512 61 ) (1840 -546 61 ) (1840 -546 81 ) (1840 -512 81 ) 
4 91 105 (1840 -502 61 ) (1840 -512 61 ) (1840 -512 81 ) (1840 -502 81 ) 
4 91 102 (1840 -490 61 ) (1840 -502 61 ) (1840 -502 81 ) (1840 -490 81 ) 
4 91 101 (1840 -546 81 ) (1840 -546 231.804001 ) (1840 -490 231.804001 ) (1840 -490 81 ) 
4 91 97 (1840 -70 61 ) (1840 -83 61 ) (1840 -83 73 ) (1840 -70 73 ) 
4 91 94 (1840 -61 61 ) (1840 -70 61 ) (1840 -70 73 ) (1840 -61 73 ) 
4 91 93 (1840 -22 73 ) (1840 -22 61 ) (1840 -61 61 ) (1840 -61 73 ) 
4 91 92 (1840 -22 231.804001 ) (1840 -22 73 ) (1840 -83 73 ) (1840 -83 231.804001 ) 
4 91 100 (1840 -83 61 ) (1840 -490 61 ) (1840 -490 231.804001 ) (1840 -83 231.804001 ) 
4 92 109 (1456 -22 231.804001 ) (1456 -22 73 ) (1456 -83 73 ) (1456 -83 231.804001 ) 
4 92 98 (1694 -83 73 ) (1660 -83 73 ) (1660 -70 73 ) (1694 -70 73 ) 
4 92 97 (1840 -83 73 ) (1694 -83 73 ) (1694 -70 73 ) (1840 -70 73 ) 
4 92 99 (1660 -83 73 ) (1456 -83 73 ) (1456 -70 73 ) (1660 -70 73 ) 
4 92 96 (1456 -70 73 ) (1456 -61 73 ) (1660 -61 73 ) (1660 -70 73 ) 
4 92 95 (1660 -61 73 ) (1694 -61 73 ) (1694 -70 73 ) (1660 -70 73 ) 
4 92 94 (1694 -61 73 ) (1840 -61 73 ) (1840 -70 73 ) (1694 -70 73 ) 
4 92 93 (1456 -61 73 ) (1456 -22 73 ) (1840 -22 73 ) (1840 -61 73 ) 
4 92 100 (1456 -83 231.804001 ) (1456 -83 73 ) (1840 -83 73 ) (1840 -83 231.804001 ) 
4 93 109 (1456 -22 73 ) (1456 -22 61 ) (1456 -61 61 ) (1456 -61 73 ) 
4 93 96 (1660 -61 73 ) (1456 -61 73 ) (1456 -61 61 ) (1660 -61 61 ) 
4 93 95 (1694 -61 73 ) (1660 -61 73 ) (1660 -61 61 ) (1694 -61 61 ) 
4 93 94 (1840 -61 61 ) (1840 -61 73 ) (1694 -61 73 ) (1694 -61 61 ) 
4 94 97 (1840 -70 61 ) (1840 -70 73 ) (1694 -70 73 ) (1694 -70 61 ) 
4 94 95 (1694 -61 73 ) (1694 -61 61 ) (1694 -70 61 ) (1694 -70 73 ) 
4 95 98 (1694 -70 73 ) (1660 -70 73 ) (1660 -70 61 ) (1694 -70 61 ) 
4 95 96 (1660 -61 73 ) (1660 -61 61 ) (1660 -70 61 ) (1660 -70 73 ) 
4 96 109 (1456 -70 61 ) (1456 -70 73 ) (1456 -61 73 ) (1456 -61 61 ) 
4 96 99 (1660 -70 73 ) (1456 -70 73 ) (1456 -70 61 ) (1660 -70 61 ) 
4 97 130 (1840 -70 46 ) (1840 -83 46 ) (1694 -83 46 ) (1694 -70 46 ) 
4 97 100 (1694 -83 46 ) (1840 -83 46 ) (1840 -83 73 ) (1694 -83 73 ) 
4 97 98 (1694 -70 73 ) (1694 -70 46 ) (1694 -83 46 ) (1694 -83 73 ) 
4 98 132 (1694 -83 46 ) (1660 -83 46 ) (1660 -70 46 ) (1694 -70 46 ) 
4 98 99 (1660 -70 73 ) (1660 -70 46 ) (1660 -83 46 ) (1660 -83 73 ) 
4 98 100 (1660 -83 46 ) (1694 -83 46 ) (1694 -83 73 ) (1660 -83 73 ) 
4 99 140 (1621 -83 46 ) (1456 -83 46 ) (1456 -70 46 ) (1621 -70 46 ) 
4 99 138 (1655 -83 46 ) (1621 -83 46 ) (1621 -70 46 ) (1655 -70 46 ) 
4 99 133 (1660 -83 46 ) (1655 -83 46 ) (1655 -70 46 ) (1660 -70 46 ) 
4 99 109 (1456 -83 61 ) (1456 -83 73 ) (1456 -70 73 ) (1456 -70 61 ) 
4 99 100 (1456 -83 73 ) (1456 -83 46 ) (1660 -83 46 ) (1660 -83 73 ) 
4 100 140 (1621 -490 46 ) (1456 -490 46 ) (1456 -83 46 ) (1621 -83 46 ) 
4 100 138 (1655 -490 46 ) (1621 -490 46 ) (1621 -83 46 ) (1655 -83 46 ) 
4 100 134 (1694 -490 46 ) (1655 -490 46 ) (1655 -83 46 ) (1694 -83 46 ) 
4 100 130 (1840 -83 46 ) (1840 -490 46 ) (1694 -490 46 ) (1694 -83 46 ) 
4 100 109 (1456 -490 61 ) (1456 -490 231.804001 ) (1456 -83 231.804001 ) (1456 -83 61 ) 
4 100 103 (1621 -490 46 ) (1655 -490 46 ) (1655 -490 81 ) (1621 -490 81 ) 
4 100 102 (1655 -490 46 ) (1840 -490 46 ) (1840 -490 81 ) (1655 -490 81 ) 
4 100 104 (1456 -490 81 ) (1456 -490 46 ) (1621 -490 46 ) (1621 -490 81 ) 
4 100 101 (1456 -490 231.804001 ) (1456 -490 81 ) (1840 -490 81 ) (1840 -490 231.804001 ) 
4 101 109 (1456 -546 81 ) (1456 -546 231.804001 ) (1456 -490 231.804001 ) (1456 -490 81 ) 
4 101 108 (1456 -546 81 ) (1456 -512 81 ) (1840 -512 81 ) (1840 -546 81 ) 
4 101 107 (1456 -512 81 ) (1456 -502 81 ) (1621 -502 81 ) (1621 -512 81 ) 
4 101 106 (1621 -502 81 ) (1655 -502 81 ) (1655 -512 81 ) (1621 -512 81 ) 
4 101 105 (1655 -502 81 ) (1840 -502 81 ) (1840 -512 81 ) (1655 -512 81 ) 
4 101 103 (1621 -490 81 ) (1655 -490 81 ) (1655 -502 81 ) (1621 -502 81 ) 
4 101 102 (1655 -490 81 ) (1840 -490 81 ) (1840 -502 81 ) (1655 -502 81 ) 
4 101 104 (1456 -502 81 ) (1456 -490 81 ) (1621 -490 81 ) (1621 -502 81 ) 
4 102 134 (1694 -502 46 ) (1655 -502 46 ) (1655 -490 46 ) (1694 -490 46 ) 
4 102 130 (1840 -490 46 ) (1840 -502 46 ) (1694 -502 46 ) (1694 -490 46 ) 
4 102 105 (1840 -502 61 ) (1840 -502 81 ) (1655 -502 81 ) (1655 -502 61 ) 
4 102 103 (1655 -502 46 ) (1655 -502 81 ) (1655 -490 81 ) (1655 -490 46 ) 
4 103 139 (1655 -502 46 ) (1621 -502 46 ) (1621 -490 46 ) (1655 -490 46 ) 
4 103 106 (1655 -502 81 ) (1621 -502 81 ) (1621 -502 61 ) (1655 -502 61 ) 
4 103 104 (1621 -502 46 ) (1621 -502 81 ) (1621 -490 81 ) (1621 -490 46 ) 
4 104 140 (1621 -502 46 ) (1456 -502 46 ) (1456 -490 46 ) (1621 -490 46 ) 
4 104 109 (1456 -502 61 ) (1456 -502 81 ) (1456 -490 81 ) (1456 -490 61 ) 
4 104 107 (1621 -502 81 ) (1456 -502 81 ) (1456 -502 61 ) (1621 -502 61 ) 
4 105 108 (1840 -512 61 ) (1840 -512 81 ) (1655 -512 81 ) (1655 -512 61 ) 
4 105 106 (1655 -502 81 ) (1655 -502 61 ) (1655 -512 61 ) (1655 -512 81 ) 
4 106 108 (1655 -512 81 ) (1621 -512 81 ) (1621 -512 61 ) (1655 -512 61 ) 
4 106 107 (1621 -502 81 ) (1621 -502 61 ) (1621 -512 61 ) (1621 -512 81 ) 
4 107 109 (1456 -512 61 ) (1456 -512 81 ) (1456 -502 81 ) (1456 -502 61 ) 
4 107 108 (1621 -512 81 ) (1456 -512 81 ) (1456 -512 61 ) (1621 -512 61 ) 
4 108 109 (1456 -546 61 ) (1456 -546 81 ) (1456 -512 81 ) (1456 -512 61 ) 
4 109 113 (1301 -160 61 ) (1301 -374 61 ) (1301 -374 231.804001 ) (1301 -160 231.804001 ) 
4 110 154 (1269 -22 46 ) (1301 -22 46 ) (1301 -160 46 ) (1269 -160 46 ) 
4 110 114 (1269 -160 46 ) (1301 -160 46 ) (1301 -160 47.017601 ) (1269 -160 47.017601 ) 
4 110 112 (1269 -128 46 ) (1269 -160 46 ) (1269 -160 47.739403 ) (1269 -128 47.739403 ) 
4 110 111 (1269 -22 48 ) (1269 -22 46 ) (1269 -128 46 ) (1269 -128 48 ) 
4 111 202 (1024 -22 47.017601 ) (1024 -22 46 ) (1024 -128 46 ) (1024 -128 47.017601 ) 
4 111 200 (1024 -128 231.804001 ) (1024 -22 231.804001 ) (1024 -22 47.017601 ) (1024 -128 47.017601 ) 
4 111 154 (1024 -128 46 ) (1024 -22 46 ) (1269 -22 46 ) (1269 -128 46 ) 
4 111 112 (1024 -128 46 ) (1269 -128 46 ) (1269 -128 47.739403 ) (1024 -128 47.739403 ) 
4 112 203 (1024 -128 47.739403 ) (1024 -128 46 ) (1024 -160 46 ) (1024 -160 47.739403 ) 
4 112 154 (1024 -160 46 ) (1024 -128 46 ) (1269 -128 46 ) (1269 -160 46 ) 
4 112 116 (1024 -160 46 ) (1269 -160 46 ) (1269 -160 47.017601 ) (1024 -160 47.017601 ) 
4 113 115 (1269 -160 231.804001 ) (1269 -160 60.732201 ) (1269 -374 60.732201 ) (1269 -374 231.804001 ) 
4 114 154 (1269 -160 46 ) (1301 -160 46 ) (1301 -374 46 ) (1269 -374 46 ) 
4 114 116 (1269 -160 47.017601 ) (1269 -160 46 ) (1269 -374 46 ) (1269 -374 47.017601 ) 
4 115 210 (1024 -375 231.804001 ) (1024 -160 231.804001 ) (1024 -160 60.732201 ) (1024 -375 60.732201 ) 
4 116 211 (1024 -160 47.017601 ) (1024 -160 46 ) (1024 -375 46 ) (1024 -375 47.017601 ) 
4 116 154 (1024 -375 46 ) (1024 -160 46 ) (1269 -160 46 ) (1269 -375 46 ) 
4 116 117 (1024 -375 46 ) (1269 -375 46 ) (1269 -375 46.295799 ) (1024 -375 46.295799 ) 
4 117 213 (1024 -375 46.295799 ) (1024 -375 46 ) (1024 -407 46 ) (1024 -407 46.295799 ) 
4 117 154 (1024 -407 46 ) (1024 -375 46 ) (1269 -375 46 ) (1269 -407 46 ) 
4 117 118 (1024 -407 46 ) (1269 -407 46 ) (1269 -407 46.295799 ) (1024 -407 46.295799 ) 
4 118 213 (1024 -407 46.295799 ) (1024 -407 46 ) (1024 -546 46 ) (1024 -546 46.295799 ) 
4 118 212 (1024 -546 231.804001 ) (1024 -407 231.804001 ) (1024 -407 46.295799 ) (1024 -546 46.295799 ) 
4 118 154 (1024 -546 46 ) (1024 -407 46 ) (1269 -407 46 ) (1269 -546 46 ) 
4 118 121 (1024 -546 46 ) (1269 -546 46 ) (1269 -546 231.804001 ) (1024 -546 231.804001 ) 
4 119 157 (1269 -570 46 ) (1269 -546 46 ) (1883 -546 46 ) (1883 -570 46 ) 
4 119 120 (1269 -570 51.085400 ) (1269 -570 46 ) (1883 -570 46 ) (1883 -570 51.085400 ) 
4 119 121 (1269 -546 51.085400 ) (1269 -546 46 ) (1269 -570 46 ) (1269 -570 51.085400 ) 
4 120 159 (1883 -1024 231.804001 ) (1269 -1024 231.804001 ) (1269 -1024 46 ) (1883 -1024 46 ) 
4 120 157 (1883 -1024 46 ) (1269 -1024 46 ) (1269 -570 46 ) (1883 -570 46 ) 
4 120 121 (1269 -570 46 ) (1269 -1024 46 ) (1269 -1024 231.804001 ) (1269 -570 231.804001 ) 
4 121 213 (1024 -1024 46 ) (1024 -1024 46.295799 ) (1024 -546 46.295799 ) (1024 -546 46 ) 
4 121 212 (1024 -1024 46.295799 ) (1024 -1024 231.804001 ) (1024 -546 231.804001 ) (1024 -546 46.295799 ) 
4 121 159 (1269 -1024 231.804001 ) (1024 -1024 231.804001 ) (1024 -1024 46 ) (1269 -1024 46 ) 
4 121 157 (1269 -1024 46 ) (1024 -1024 46 ) (1024 -546 46 ) (1269 -546 46 ) 
4 122 202 (1024 -22 -582 ) (1024 -22 46 ) (1024 0 46 ) (1024 0 -582 ) 
4 122 155 (1301 -22 -582 ) (1456 -22 -582 ) (1456 -22 -56 ) (1301 -22 -56 ) 
4 122 156 (1024 -22 -38 ) (1024 -22 -582 ) (1301 -22 -582 ) (1301 -22 -38 ) 
4 122 154 (1301 -22 46 ) (1024 -22 46 ) (1024 -22 -38 ) (1301 -22 -38 ) 
4 122 129 (1456 -22 -56 ) (1456 -22 -74 ) (1660 -22 -74 ) (1660 -22 -56 ) 
4 122 127 (1660 -22 -74 ) (1694 -22 -74 ) (1694 -22 -56 ) (1660 -22 -56 ) 
4 122 126 (1694 -22 -74 ) (1840 -22 -74 ) (1840 -22 -56 ) (1694 -22 -56 ) 
4 122 153 (1456 -22 -74 ) (1456 -22 -582 ) (1840 -22 -582 ) (1840 -22 -74 ) 
4 122 125 (2048 -22 -582 ) (2048 -22 -56 ) (1840 -22 -56 ) (1840 -22 -582 ) 
4 122 124 (2048 -22 -56 ) (2048 -22 -38 ) (1883 -22 -38 ) (1883 -22 -56 ) 
4 122 123 (2048 -22 -38 ) (2048 -22 46 ) (1883 -22 46 ) (1883 -22 -38 ) 
4 123 157 (2048 -546 46 ) (1883 -546 46 ) (1883 -546 -38 ) (2048 -546 -38 ) 
4 123 124 (2048 -546 -38 ) (1883 -546 -38 ) (1883 -22 -38 ) (2048 -22 -38 ) 
4 124 157 (1883 -546 -56 ) (2048 -546 -56 ) (2048 -546 -38 ) (1883 -546 -38 ) 
4 124 125 (2048 -546 -56 ) (1883 -546 -56 ) (1883 -22 -56 ) (2048 -22 -56 ) 
4 125 157 (1840 -546 -56 ) (1840 -546 -582 ) (2048 -546 -582 ) (2048 -546 -56 ) 
4 125 152 (1840 -512 -74 ) (1840 -546 -74 ) (1840 -546 -56 ) (1840 -512 -56 ) 
4 125 148 (1840 -512 -66 ) (1840 -512 -56 ) (1840 -502 -56 ) (1840 -502 -66 ) 
4 125 151 (1840 -502 -74 ) (1840 -512 -74 ) (1840 -512 -66 ) (1840 -502 -66 ) 
4 125 131 (1840 -70 -74 ) (1840 -502 -74 ) (1840 -502 -56 ) (1840 -70 -56 ) 
4 125 126 (1840 -22 -56 ) (1840 -22 -74 ) (1840 -70 -74 ) (1840 -70 -56 ) 
4 125 153 (1840 -22 -74 ) (1840 -22 -582 ) (1840 -546 -582 ) (1840 -546 -74 ) 
4 126 131 (1694 -70 -74 ) (1840 -70 -74 ) (1840 -70 -56 ) (1694 -70 -56 ) 
4 126 128 (1694 -61 -74 ) (1694 -70 -74 ) (1694 -70 -56 ) (1694 -61 -56 ) 
4 126 127 (1694 -22 -74 ) (1694 -61 -74 ) (1694 -61 -56 ) (1694 -22 -56 ) 
4 126 153 (1694 -22 -74 ) (1840 -22 -74 ) (1840 -70 -74 ) (1694 -70 -74 ) 
4 127 129 (1660 -22 -74 ) (1660 -61 -74 ) (1660 -61 -56 ) (1660 -22 -56 ) 
4 127 128 (1660 -61 -56 ) (1660 -61 -74 ) (1694 -61 -74 ) (1694 -61 -56 ) 
4 127 153 (1660 -22 -74 ) (1694 -22 -74 ) (1694 -61 -74 ) (1660 -61 -74 ) 
4 128 145 (1660 -70 -74 ) (1694 -70 -74 ) (1694 -70 -66 ) (1660 -70 -66 ) 
4 128 135 (1694 -70 -66 ) (1694 -70 -56 ) (1660 -70 -56 ) (1660 -70 -66 ) 
4 128 129 (1660 -61 -74 ) (1660 -70 -74 ) (1660 -70 -56 ) (1660 -61 -56 ) 
4 128 153 (1694 -61 -74 ) (1694 -70 -74 ) (1660 -70 -74 ) (1660 -61 -74 ) 
4 129 155 (1456 -22 -56 ) (1456 -22 -74 ) (1456 -70 -74 ) (1456 -70 -56 ) 
4 129 147 (1456 -70 -66 ) (1456 -70 -74 ) (1660 -70 -74 ) (1660 -70 -66 ) 
4 129 144 (1456 -70 -56 ) (1456 -70 -66 ) (1621 -70 -66 ) (1621 -70 -56 ) 
4 129 142 (1621 -70 -66 ) (1655 -70 -66 ) (1655 -70 -56 ) (1621 -70 -56 ) 
4 129 137 (1655 -70 -66 ) (1660 -70 -66 ) (1660 -70 -56 ) (1655 -70 -56 ) 
4 129 153 (1456 -70 -74 ) (1456 -22 -74 ) (1660 -22 -74 ) (1660 -70 -74 ) 
4 130 134 (1694 -83 -38 ) (1694 -502 -38 ) (1694 -502 46 ) (1694 -83 46 ) 
4 130 132 (1694 -70 46 ) (1694 -70 -38 ) (1694 -83 -38 ) (1694 -83 46 ) 
4 131 148 (1840 -502 -66 ) (1840 -502 -56 ) (1694 -502 -56 ) (1694 -502 -66 ) 
4 131 151 (1694 -502 -74 ) (1840 -502 -74 ) (1840 -502 -66 ) (1694 -502 -66 ) 
4 131 146 (1694 -83 -74 ) (1694 -502 -74 ) (1694 -502 -66 ) (1694 -83 -66 ) 
4 131 145 (1694 -70 -66 ) (1694 -70 -74 ) (1694 -83 -74 ) (1694 -83 -66 ) 
4 131 136 (1694 -83 -66 ) (1694 -502 -66 ) (1694 -502 -56 ) (1694 -83 -56 ) 
4 131 135 (1694 -70 -56 ) (1694 -70 -66 ) (1694 -83 -66 ) (1694 -83 -56 ) 
4 131 153 (1694 -70 -74 ) (1840 -70 -74 ) (1840 -502 -74 ) (1694 -502 -74 ) 
5 132 134 (1661 -83 -38 ) (1694 -83 -38 ) (1694 -83 46 ) (1660 -83 46 ) (1660 -83 -37.666672 ) 
4 132 133 (1660 -70 46 ) (1660 -70 -37.666672 ) (1660 -83 -37.666672 ) (1660 -83 46 ) 
4 133 138 (1655 -70 46 ) (1655 -70 -36 ) (1655 -83 -36 ) (1655 -83 46 ) 
4 133 134 (1655 -83 46 ) (1655 -83 -36 ) (1660 -83 -37.666672 ) (1660 -83 46 ) 
4 134 139 (1655 -502 -36 ) (1655 -502 46 ) (1655 -490 46 ) (1655 -490 -36 ) 
4 134 138 (1655 -490 46 ) (1655 -83 46 ) (1655 -83 -36 ) (1655 -490 -36 ) 
4 135 145 (1660 -70 -66 ) (1694 -70 -66 ) (1694 -83 -66 ) (1660 -83 -66 ) 
4 135 137 (1660 -70 -66 ) (1660 -83 -66 ) (1660 -83 -56 ) (1660 -70 -56 ) 
4 135 136 (1660 -83 -56 ) (1660 -83 -66 ) (1694 -83 -66 ) (1694 -83 -56 ) 
4 136 148 (1660 -502 -66 ) (1694 -502 -66 ) (1694 -502 -56 ) (1660 -502 -56 ) 
4 136 146 (1694 -83 -66 ) (1694 -502 -66 ) (1660 -502 -66 ) (1660 -83 -66 ) 
4 136 137 (1660 -83 -66 ) (1660 -502 -66 ) (1660 -502 -56 ) (1660 -83 -56 ) 
4 137 148 (1655 -502 -66 ) (1660 -502 -66 ) (1660 -502 -56 ) (1655 -502 -56 ) 
4 137 147 (1655 -70 -66 ) (1660 -70 -66 ) (1660 -502 -66 ) (1655 -502 -66 ) 
4 137 143 (1655 -490 -66 ) (1655 -502 -66 ) (1655 -502 -56 ) (1655 -490 -56 ) 
4 137 142 (1655 -70 -56 ) (1655 -70 -66 ) (1655 -490 -66 ) (1655 -490 -56 ) 
4 138 141 (1621 -70 3 ) (1621 -70 -24.666664 ) (1621 -490 -24.666662 ) (1621 -490 3 ) 
4 138 140 (1621 -70 46 ) (1621 -70 3 ) (1621 -490 3 ) (1621 -490 46 ) 
4 138 139 (1621 -490 46 ) (1621 -490 -24.666664 ) (1655 -490 -36 ) (1655 -490 46 ) 
4 139 141 (1621 -502 -24.666662 ) (1621 -502 3 ) (1621 -490 3 ) (1621 -490 -24.666664 ) 
4 139 140 (1621 -502 3 ) (1621 -502 46 ) (1621 -490 46 ) (1621 -490 3 ) 
4 140 141 (1538 -70 3 ) (1621 -70 3 ) (1621 -502 3 ) (1538 -502 3 ) 
4 142 147 (1621 -70 -66 ) (1655 -70 -66 ) (1655 -490 -66 ) (1621 -490 -66 ) 
4 142 144 (1621 -70 -66 ) (1621 -490 -66 ) (1621 -490 -56 ) (1621 -70 -56 ) 
4 142 143 (1655 -490 -66 ) (1655 -490 -56 ) (1621 -490 -56 ) (1621 -490 -66 ) 
4 143 149 (1621 -502 -66 ) (1655 -502 -66 ) (1655 -502 -56 ) (1621 -502 -56 ) 
4 143 147 (1655 -490 -66 ) (1655 -502 -66 ) (1621 -502 -66 ) (1621 -490 -66 ) 
4 143 144 (1621 -490 -66 ) (1621 -502 -66 ) (1621 -502 -56 ) (1621 -490 -56 ) 
4 144 155 (1456 -502 -66 ) (1456 -502 -56 ) (1456 -70 -56 ) (1456 -70 -66 ) 
4 144 150 (1456 -502 -56 ) (1456 -502 -66 ) (1621 -502 -66 ) (1621 -502 -56 ) 
4 144 147 (1456 -70 -66 ) (1621 -70 -66 ) (1621 -502 -66 ) (1456 -502 -66 ) 
4 145 147 (1660 -83 -66 ) (1660 -70 -66 ) (1660 -70 -74 ) (1660 -83 -74 ) 
4 145 153 (1660 -70 -74 ) (1694 -70 -74 ) (1694 -83 -74 ) (1660 -83 -74 ) 
4 145 146 (1660 -83 -66 ) (1660 -83 -74 ) (1694 -83 -74 ) (1694 -83 -66 ) 
4 146 151 (1660 -502 -74 ) (1694 -502 -74 ) (1694 -502 -66 ) (1660 -502 -66 ) 
4 146 147 (1660 -502 -74 ) (1660 -502 -66 ) (1660 -83 -66 ) (1660 -83 -74 ) 
4 146 153 (1694 -83 -74 ) (1694 -502 -74 ) (1660 -502 -74 ) (1660 -83 -74 ) 
4 147 155 (1456 -70 -74 ) (1456 -502 -74 ) (1456 -502 -66 ) (1456 -70 -66 ) 
4 147 151 (1456 -502 -66 ) (1456 -502 -74 ) (1660 -502 -74 ) (1660 -502 -66 ) 
4 147 153 (1456 -502 -74 ) (1456 -70 -74 ) (1660 -70 -74 ) (1660 -502 -74 ) 
4 148 152 (1655 -512 -66 ) (1840 -512 -66 ) (1840 -512 -56 ) (1655 -512 -56 ) 
4 148 151 (1840 -512 -66 ) (1655 -512 -66 ) (1655 -502 -66 ) (1840 -502 -66 ) 
4 148 149 (1655 -502 -66 ) (1655 -512 -66 ) (1655 -512 -56 ) (1655 -502 -56 ) 
4 149 152 (1621 -512 -66 ) (1655 -512 -66 ) (1655 -512 -56 ) (1621 -512 -56 ) 
4 149 150 (1621 -502 -66 ) (1621 -512 -66 ) (1621 -512 -56 ) (1621 -502 -56 ) 
4 149 151 (1655 -512 -66 ) (1621 -512 -66 ) (1621 -502 -66 ) (1655 -502 -66 ) 
4 150 155 (1456 -512 -66 ) (1456 -512 -56 ) (1456 -502 -56 ) (1456 -502 -66 ) 
4 150 152 (1456 -512 -56 ) (1456 -512 -66 ) (1621 -512 -66 ) (1621 -512 -56 ) 
4 150 151 (1621 -512 -66 ) (1456 -512 -66 ) (1456 -502 -66 ) (1621 -502 -66 ) 
4 151 155 (1456 -502 -74 ) (1456 -512 -74 ) (1456 -512 -66 ) (1456 -502 -66 ) 
4 151 152 (1456 -512 -66 ) (1456 -512 -74 ) (1840 -512 -74 ) (1840 -512 -66 ) 
4 151 153 (1456 -512 -74 ) (1456 -502 -74 ) (1840 -502 -74 ) (1840 -512 -74 ) 
4 152 157 (1456 -546 -56 ) (1456 -546 -74 ) (1840 -546 -74 ) (1840 -546 -56 ) 
4 152 155 (1456 -512 -74 ) (1456 -546 -74 ) (1456 -546 -56 ) (1456 -512 -56 ) 
4 152 153 (1456 -546 -74 ) (1456 -512 -74 ) (1840 -512 -74 ) (1840 -546 -74 ) 
4 153 157 (1456 -546 -74 ) (1456 -546 -582 ) (1840 -546 -582 ) (1840 -546 -74 ) 
4 153 155 (1456 -22 -74 ) (1456 -22 -582 ) (1456 -546 -582 ) (1456 -546 -74 ) 
4 154 213 (1024 -546 -38 ) (1024 -546 46 ) (1024 -375 46 ) (1024 -375 -38 ) 
4 154 211 (1024 -375 46 ) (1024 -160 46 ) (1024 -160 -38 ) (1024 -375 -38 ) 
4 154 203 (1024 -160 46 ) (1024 -128 46 ) (1024 -128 -38 ) (1024 -160 -38 ) 
4 154 202 (1024 -128 46 ) (1024 -22 46 ) (1024 -22 -38 ) (1024 -128 -38 ) 
4 154 157 (1301 -546 46 ) (1024 -546 46 ) (1024 -546 -38 ) (1301 -546 -38 ) 
4 154 156 (1024 -22 -38 ) (1301 -22 -38 ) (1301 -546 -38 ) (1024 -546 -38 ) 
4 155 157 (1301 -546 -582 ) (1456 -546 -582 ) (1456 -546 -56 ) (1301 -546 -56 ) 
4 155 156 (1301 -22 -582 ) (1301 -546 -582 ) (1301 -546 -56 ) (1301 -22 -56 ) 
4 156 213 (1024 -546 -582 ) (1024 -546 -38 ) (1024 -375 -38 ) (1024 -375 -582 ) 
4 156 211 (1024 -375 -38 ) (1024 -160 -38 ) (1024 -160 -582 ) (1024 -375 -582 ) 
4 156 203 (1024 -160 -38 ) (1024 -128 -38 ) (1024 -128 -582 ) (1024 -160 -582 ) 
4 156 202 (1024 -128 -38 ) (1024 -22 -38 ) (1024 -22 -582 ) (1024 -128 -582 ) 
4 156 157 (1024 -546 -38 ) (1024 -546 -582 ) (1301 -546 -582 ) (1301 -546 -38 ) 
4 157 213 (1024 -1024 -582 ) (1024 -1024 46 ) (1024 -546 46 ) (1024 -546 -582 ) 
4 157 159 (2048 -1024 -582 ) (2048 -1024 46 ) (1024 -1024 46 ) (1024 -1024 -582 ) 
4 158 159 (2048 -1024 2018 ) (2048 -1024 -582 ) (2048 -1585 -582 ) (2048 -1585 2018 ) 
4 159 243 (1024 -1585 2018 ) (1024 -1024 2018 ) (1024 -1024 -582 ) (1024 -1585 -582 ) 
4 160 199 (1024 0 254.902008 ) (1024 0 2018 ) (0 0 2018 ) (0 0 254.902008 ) 
4 160 175 (0 768 254.902008 ) (0 0 254.902008 ) (0 0 278 ) (0 768 278 ) 
4 160 174 (0 0 278 ) (0 0 2018 ) (0 768 2018 ) (0 768 278 ) 
4 160 173 (0 1024 2018 ) (0 1024 254.902008 ) (0 768 254.902008 ) (0 768 2018 ) 
4 160 162 (48 1024 254.902008 ) (528 1024 254.902008 ) (528 768 254.902008 ) (48 768 254.902008 ) 
4 160 161 (1024 880 254.902008 ) (1024 768 254.902008 ) (528 768 254.902008 ) (528 880 254.902008 ) 
4 161 169 (672 768 231.804001 ) (528 768 231.804001 ) (528 832 231.804001 ) (672 832 231.804001 ) 
4 161 168 (704 768 231.804001 ) (672 768 231.804001 ) (672 832 231.804001 ) (704 832 231.804001 ) 
4 161 167 (1024 832 231.804001 ) (1024 768 231.804001 ) (704 768 231.804001 ) (704 832 231.804001 ) 
4 161 165 (560 832 231.804001 ) (528 832 231.804001 ) (528 880 231.804001 ) (560 880 231.804001 ) 
4 161 164 (1024 880 231.804001 ) (1024 832 231.804001 ) (560 832 231.804001 ) (560 880 231.804001 ) 
4 161 162 (528 880 231.804001 ) (528 768 231.804001 ) (528 768 254.902008 ) (528 880 254.902008 ) 
4 162 169 (528 832 231.804001 ) (528 768 231.804001 ) (48 768 231.804001 ) (48 832 231.804001 ) 
4 162 166 (48 1024 231.804001 ) (528 1024 231.804001 ) (528 832 231.804001 ) (48 832 231.804001 ) 
4 164 172 (1024 960 47.017601 ) (1024 832 47.017601 ) (560 832 47.017601 ) (560 960 47.017601 ) 
4 164 169 (560 832 47.017601 ) (672 832 47.017601 ) (672 832 231.804001 ) (560 832 231.804001 ) 
4 164 168 (672 832 47.017601 ) (704 832 47.017601 ) (704 832 231.804001 ) (672 832 231.804001 ) 
4 164 167 (704 832 47.017601 ) (1024 832 47.017601 ) (1024 832 231.804001 ) (704 832 231.804001 ) 
4 164 165 (560 960 47.017601 ) (560 832 47.017601 ) (560 832 231.804001 ) (560 960 231.804001 ) 
4 165 172 (560 960 47.017601 ) (560 832 47.017601 ) (528 832 47.017601 ) (528 960 47.017601 ) 
4 165 169 (528 832 47.017601 ) (560 832 47.017601 ) (560 832 231.804001 ) (528 832 231.804001 ) 
4 165 166 (528 960 47.017601 ) (528 832 47.017601 ) (528 832 231.804001 ) (528 960 231.804001 ) 
4 166 172 (32 1024 47.017601 ) (528 1024 47.017601 ) (528 832 47.017601 ) (32 832 47.017601 ) 
4 166 169 (32 832 47.017601 ) (528 832 47.017601 ) (528 832 231.804001 ) (32 832 231.804001 ) 
4 167 200 (1024 0 47.017601 ) (1024 0 231.804001 ) (704 0 231.804001 ) (704 0 47.017601 ) 
4 167 172 (704 832 47.017601 ) (1024 832 47.017601 ) (1024 0 47.017601 ) (704 0 47.017601 ) 
4 167 168 (704 832 231.804001 ) (704 832 47.017601 ) (704 160 47.017601 ) (704 160 231.804001 ) 
4 168 172 (672 832 47.017601 ) (704 832 47.017601 ) (704 160 47.017601 ) (672 160 47.017601 ) 
4 168 169 (672 832 231.804001 ) (672 832 47.017601 ) (672 160 47.017601 ) (672 160 231.804001 ) 
4 169 172 (32 832 47.017601 ) (672 832 47.017601 ) (672 160 47.017601 ) (32 160 47.017601 ) 
4 169 170 (32 800 47.017601 ) (32 160 47.017601 ) (32 160 231.804001 ) (32 800 231.804001 ) 
4 170 180 (0 800 47.017601 ) (0 160 47.017601 ) (0 160 231.804001 ) (0 800 231.804001 ) 
4 170 172 (0 160 47.017601 ) (0 800 47.017601 ) (32 800 47.017601 ) (32 160 47.017601 ) 
4 171 201 (672 0 231.804001 ) (0 0 231.804001 ) (0 0 58.566704 ) (672 0 58.566704 ) 
4 171 181 (0 0 58.566704 ) (0 0 231.804001 ) (0 128 231.804001 ) (0 128 58.566704 ) 
4 172 202 (1024 0 -582 ) (1024 0 47.017601 ) (0 0 47.017601 ) (0 0 -582 ) 
4 172 195 (0 1024 47.017601 ) (0 1024 -582 ) (0 0 -582 ) (0 0 47.017601 ) 
4 173 185 (-512 1024 2018 ) (-512 1024 254.902008 ) (-512 768 254.902008 ) (-512 768 2018 ) 
4 173 178 (-512 768 278 ) (-512 768 254.902008 ) (-416 768 254.902008 ) (-416 768 278 ) 
4 173 176 (-416 768 254.902008 ) (-368 768 254.902008 ) (-368 768 278 ) (-416 768 278 ) 
4 173 175 (-368 768 254.902008 ) (0 768 254.902008 ) (0 768 278 ) (-368 768 278 ) 
4 173 174 (-512 768 2018 ) (-512 768 278 ) (0 768 278 ) (0 768 2018 ) 
4 174 217 (0 0 278 ) (0 0 2018 ) (-512 0 2018 ) (-512 0 278 ) 
4 174 185 (-512 0 278 ) (-512 0 2018 ) (-512 768 2018 ) (-512 768 278 ) 
4 174 178 (-512 0 278 ) (-512 768 278 ) (-416 768 278 ) (-416 0 278 ) 
4 174 177 (-368 544 278 ) (-368 0 278 ) (-416 0 278 ) (-416 544 278 ) 
4 174 176 (-416 768 278 ) (-368 768 278 ) (-368 576 278 ) (-416 576 278 ) 
4 174 175 (-368 768 278 ) (0 768 278 ) (0 0 278 ) (-368 0 278 ) 
4 175 217 (0 0 254.902008 ) (0 0 278 ) (-368 0 278 ) (-368 0 254.902008 ) 
4 175 177 (-368 0 278 ) (-368 544 278 ) (-368 544 254.902008 ) (-368 0 254.902008 ) 
4 175 176 (-368 576 278 ) (-368 768 278 ) (-368 768 254.902008 ) (-368 576 254.902008 ) 
4 176 178 (-416 576 278 ) (-416 768 278 ) (-416 768 254.902008 ) (-416 576 254.902008 ) 
4 177 217 (-368 0 278 ) (-416 0 278 ) (-416 0 254.902008 ) (-368 0 254.902008 ) 
4 177 178 (-416 0 278 ) (-416 544 278 ) (-416 544 254.902008 ) (-416 0 254.902008 ) 
4 178 217 (-416 0 278 ) (-512 0 278 ) (-512 0 254.902008 ) (-416 0 254.902008 ) 
4 178 185 (-512 0 254.902008 ) (-512 0 278 ) (-512 768 278 ) (-512 768 254.902008 ) 
4 179 182 (-256 832 231.804001 ) (-512 832 231.804001 ) (-512 832 58.566704 ) (-256 832 58.566704 ) 
4 180 195 (0 800 47.017601 ) (0 160 47.017601 ) (-224 160 47.017601 ) (-224 800 47.017601 ) 
4 181 219 (0 0 58.566704 ) (0 0 231.804001 ) (-256 0 231.804001 ) (-256 0 58.566704 ) 
4 181 184 (-256 0 58.566704 ) (-256 0 231.804001 ) (-256 128 231.804001 ) (-256 128 58.566704 ) 
4 182 183 (-416 576 139.410995 ) (-416 576 58.566704 ) (-368 576 58.566704 ) (-368 576 139.410995 ) 
4 183 184 (-416 544 139.410995 ) (-416 544 58.566704 ) (-368 544 58.566704 ) (-368 544 139.410995 ) 
4 184 219 (-256 0 231.804001 ) (-512 0 231.804001 ) (-512 0 58.566704 ) (-256 0 58.566704 ) 
4 184 187 (-512 0 58.566704 ) (-512 0 231.804001 ) (-512 128 231.804001 ) (-512 128 58.566704 ) 
10 184 186 (-512 406.856567 185.606995 ) (-512 425.143005 185.606995 ) (-512 461.714172 164.818771 ) (-512 480 144.030151 ) (-512 480 123.245010 ) (-512 461.711090 102.452217 ) (-512 425.141479 81.664902 ) (-512 370.285004 81.664902 ) (-512 352 102.452599 ) (-512 370.285583 144.029633 ) 
4 185 217 (-544 0 2018 ) (-544 0 254.902008 ) (-512 0 254.902008 ) (-512 0 2018 ) 
4 185 189 (-544 768 254.902008 ) (-544 0 254.902008 ) (-544 0 2018 ) (-544 768 2018 ) 
4 185 188 (-544 1024 2018 ) (-544 1024 254.902008 ) (-544 768 254.902008 ) (-544 768 2018 ) 
10 186 191 (-544 406.855011 185.606995 ) (-544 425.143005 185.606995 ) (-544 461.714172 164.818771 ) (-544 480 144.030151 ) (-544 480 123.245010 ) (-544 461.711121 102.452232 ) (-544 425.141479 81.664902 ) (-544 370.286011 81.664902 ) (-544 352 102.453705 ) (-544 370.286255 144.032166 ) 
4 187 219 (-544 0 231.804001 ) (-544 0 58.566704 ) (-512 0 58.566704 ) (-512 0 231.804001 ) 
4 187 193 (-544 0 58.566704 ) (-544 0 231.804001 ) (-544 128 231.804001 ) (-544 128 58.566704 ) 
4 188 224 (-1024 1024 2018 ) (-1024 1024 231.804001 ) (-1024 768 231.804001 ) (-1024 768 2018 ) 
4 188 190 (-1024 1024 231.804001 ) (-544 1024 231.804001 ) (-544 768 231.804001 ) (-1024 768 231.804001 ) 
4 188 189 (-544 768 254.902008 ) (-544 768 2018 ) (-1024 768 2018 ) (-1024 768 254.902008 ) 
4 189 225 (-1024 0 254.902008 ) (-1024 0 2018 ) (-1024 768 2018 ) (-1024 768 254.902008 ) 
4 189 217 (-1024 0 2018 ) (-1024 0 254.902008 ) (-544 0 254.902008 ) (-544 0 2018 ) 
4 190 228 (-1024 561 47.017601 ) (-1024 560 47.017601 ) (-1024 560 231.804001 ) (-1024 561 231.804001 ) 
4 190 227 (-1024 1024 231.804001 ) (-1024 1024 47.017601 ) (-1024 561 47.017601 ) (-1024 561 231.804001 ) 
4 190 196 (-1024 1024 47.017601 ) (-544 1024 47.017601 ) (-544 560 47.017601 ) (-1024 560 47.017601 ) 
4 191 230 (-1024 288 58.566704 ) (-1024 288 231.804001 ) (-1024 528 231.804001 ) (-1024 528 58.566704 ) 
4 192 232 (-1024 256 47.017601 ) (-1024 241 47.017601 ) (-1024 241 231.804001 ) (-1024 256 231.804001 ) 
4 192 236 (-1024 241 47.017601 ) (-1024 160 47.017601 ) (-1024 160 231.804001 ) (-1024 241 231.804001 ) 
4 192 198 (-544 256 47.017601 ) (-544 160 47.017601 ) (-1024 160 47.017601 ) (-1024 256 47.017601 ) 
4 192 194 (-1024 160 47.017601 ) (-672 160 47.017601 ) (-672 160 231.804001 ) (-1024 160 231.804001 ) 
4 193 219 (-544 0 58.566704 ) (-544 0 231.804001 ) (-640 0 231.804001 ) (-640 0 58.566704 ) 
4 194 236 (-1024 160 47.017601 ) (-1024 0 47.017601 ) (-1024 0 231.804001 ) (-1024 160 231.804001 ) 
4 194 222 (-1024 0 231.804001 ) (-1024 0 47.017601 ) (-672 0 47.017601 ) (-672 0 231.804001 ) 
4 194 198 (-672 0 47.017601 ) (-1024 0 47.017601 ) (-1024 160 47.017601 ) (-672 160 47.017601 ) 
4 195 223 (0 0 -582 ) (0 0 47.017601 ) (-544 0 47.017601 ) (-544 0 -582 ) 
4 195 197 (-544 528 -582 ) (-544 288 -582 ) (-544 288 44.468399 ) (-544 528 44.468399 ) 
4 195 196 (-544 1024 -582 ) (-544 528 -582 ) (-544 528 47.017601 ) (-544 1024 47.017601 ) 
4 195 198 (-544 288 -582 ) (-544 0 -582 ) (-544 0 47.017601 ) (-544 288 47.017601 ) 
4 196 229 (-1024 560 44.468399 ) (-1024 528 44.468399 ) (-1024 528 47.017601 ) (-1024 560 47.017601 ) 
4 196 228 (-1024 561 44.468399 ) (-1024 560 44.468399 ) (-1024 560 47.017601 ) (-1024 561 47.017601 ) 
4 196 227 (-1024 1024 47.017601 ) (-1024 1024 44.468399 ) (-1024 561 44.468399 ) (-1024 561 47.017601 ) 
4 196 237 (-1024 1024 44.468399 ) (-1024 1024 -582 ) (-1024 528 -582 ) (-1024 528 44.468399 ) 
4 196 197 (-1024 528 -582 ) (-544 528 -582 ) (-544 528 44.468399 ) (-1024 528 44.468399 ) 
4 197 237 (-1024 528 -582 ) (-1024 288 -582 ) (-1024 288 44.468399 ) (-1024 528 44.468399 ) 
4 197 198 (-1024 288 -582 ) (-544 288 -582 ) (-544 288 44.468399 ) (-1024 288 44.468399 ) 
4 198 231 (-1024 256 47.017601 ) (-1024 288 47.017601 ) (-1024 288 44.468399 ) (-1024 256 44.468399 ) 
4 198 232 (-1024 241 47.017601 ) (-1024 256 47.017601 ) (-1024 256 44.468399 ) (-1024 241 44.468399 ) 
4 198 236 (-1024 0 44.468399 ) (-1024 0 47.017601 ) (-1024 241 47.017601 ) (-1024 241 44.468399 ) 
4 198 237 (-1024 288 -582 ) (-1024 0 -582 ) (-1024 0 44.468399 ) (-1024 288 44.468399 ) 
4 198 223 (-544 0 47.017601 ) (-1024 0 47.017601 ) (-1024 0 -582 ) (-544 0 -582 ) 
4 199 217 (0 0 2018 ) (0 0 254.902008 ) (0 -160 254.902008 ) (0 -160 2018 ) 
4 199 208 (1024 -160 254.902008 ) (1024 -160 2018 ) (0 -160 2018 ) (0 -160 254.902008 ) 
4 200 203 (1024 -128 47.017601 ) (1024 -128 47.739403 ) (704 -128 47.739403 ) (704 -128 47.017601 ) 
4 200 202 (1024 -128 47.017601 ) (704 -128 47.017601 ) (704 0 47.017601 ) (1024 0 47.017601 ) 
4 201 219 (0 0 231.804001 ) (0 0 58.566704 ) (0 -128 58.566704 ) (0 -128 231.804001 ) 
8 201 205 (332 -128 116.312088 ) (332 -128 58.566704 ) (396 -128 58.566704 ) (396 -128 116.312012 ) (391 -128 127.860870 ) (379 -128 137.967010 ) (348 -128 137.967010 ) (337 -128 128.582352 ) 
4 202 223 (0 0 47.017601 ) (0 0 -582 ) (0 -128 -582 ) (0 -128 47.017601 ) 
4 202 207 (332 -128 47.017601 ) (0 -128 47.017601 ) (0 -128 -582 ) (332 -128 -582 ) 
4 202 206 (672 -128 47.017601 ) (332 -128 47.017601 ) (332 -128 -582 ) (672 -128 -582 ) 
4 202 204 (704 -128 47.017601 ) (672 -128 47.017601 ) (672 -128 -582 ) (704 -128 -582 ) 
4 202 203 (1024 -128 -582 ) (1024 -128 47.017601 ) (704 -128 47.017601 ) (704 -128 -582 ) 
4 203 211 (1024 -160 -582 ) (1024 -160 47.017601 ) (704 -160 47.017601 ) (704 -160 -582 ) 
4 203 204 (704 -128 47.017601 ) (704 -128 -582 ) (704 -160 -582 ) (704 -160 47.017601 ) 
4 204 211 (704 -160 -582 ) (704 -160 47.017601 ) (672 -160 47.017601 ) (672 -160 -582 ) 
4 204 206 (672 -128 47.017601 ) (672 -128 -582 ) (672 -160 -582 ) (672 -160 47.017601 ) 
8 205 210 (332 -160 116.312088 ) (332 -160 60.732201 ) (396 -160 60.732201 ) (396 -160 116.312012 ) (391.001526 -160 127.857735 ) (378.997192 -160 137.967010 ) (347.997711 -160 137.967010 ) (337 -160 128.585403 ) 
4 206 211 (672 -160 -582 ) (672 -160 47.017601 ) (332 -160 47.017601 ) (332 -160 -582 ) 
4 206 207 (332 -128 47.017601 ) (332 -128 -582 ) (332 -160 -582 ) (332 -160 47.017601 ) 
4 207 223 (0 -160 -582 ) (0 -160 47.017601 ) (0 -128 47.017601 ) (0 -128 -582 ) 
4 207 214 (250 -160 46.295799 ) (250 -160 -582 ) (282 -160 -582 ) (282 -160 46.295799 ) 
4 207 216 (250 -160 47.017601 ) (0 -160 47.017601 ) (0 -160 -582 ) (250 -160 -582 ) 
4 207 211 (332 -160 -582 ) (332 -160 47.017601 ) (282 -160 47.017601 ) (282 -160 -582 ) 
4 208 243 (1024 -1024 254.902008 ) (1024 -1024 2018 ) (0 -1024 2018 ) (0 -1024 254.902008 ) 
4 208 217 (0 -724 2018 ) (0 -160 2018 ) (0 -160 254.902008 ) (0 -724 254.902008 ) 
4 208 218 (0 -1024 254.902008 ) (0 -1024 2018 ) (0 -724 2018 ) (0 -724 254.902008 ) 
4 208 209 (1024 -1024 254.902008 ) (0 -1024 254.902008 ) (0 -724 254.902008 ) (1024 -724 254.902008 ) 
4 209 243 (1024 -1024 231.804001 ) (1024 -1024 254.902008 ) (0 -1024 254.902008 ) (0 -1024 231.804001 ) 
4 209 218 (0 -1024 231.804001 ) (0 -1024 254.902008 ) (0 -724 254.902008 ) (0 -724 231.804001 ) 
4 209 215 (250 -724 231.804001 ) (282 -724 231.804001 ) (282 -1024 231.804001 ) (250 -1024 231.804001 ) 
4 209 216 (0 -1024 231.804001 ) (0 -724 231.804001 ) (250 -724 231.804001 ) (250 -1024 231.804001 ) 
4 209 212 (282 -724 231.804001 ) (1024 -724 231.804001 ) (1024 -1024 231.804001 ) (282 -1024 231.804001 ) 
4 211 214 (282 -160 46.295799 ) (282 -160 -582 ) (282 -375 -582 ) (282 -375 46.295799 ) 
4 211 213 (282 -375 46.295799 ) (282 -375 -582 ) (1024 -375 -582 ) (1024 -375 46.295799 ) 
4 212 243 (1024 -1024 46.295799 ) (1024 -1024 231.804001 ) (282 -1024 231.804001 ) (282 -1024 46.295799 ) 
4 212 215 (282 -1024 46.295799 ) (282 -1024 231.804001 ) (282 -408 231.804001 ) (282 -408 46.295799 ) 
4 212 213 (1024 -1024 46.295799 ) (282 -1024 46.295799 ) (282 -407 46.295799 ) (1024 -407 46.295799 ) 
4 213 243 (1024 -1024 -582 ) (1024 -1024 46.295799 ) (282 -1024 46.295799 ) (282 -1024 -582 ) 
4 213 214 (282 -408 46.295799 ) (282 -375 46.295799 ) (282 -375 -582 ) (282 -408 -582 ) 
4 213 215 (282 -1024 -582 ) (282 -1024 46.295799 ) (282 -408 46.295799 ) (282 -408 -582 ) 
4 214 215 (250 -408 46.295799 ) (250 -408 -582 ) (282 -408 -582 ) (282 -408 46.295799 ) 
4 214 216 (250 -160 -582 ) (250 -408 -582 ) (250 -408 46.295799 ) (250 -160 46.295799 ) 
4 215 243 (282 -1024 -582 ) (282 -1024 231.804001 ) (250 -1024 231.804001 ) (250 -1024 -582 ) 
4 215 216 (250 -408 -582 ) (250 -1024 -582 ) (250 -1024 231.804001 ) (250 -408 231.804001 ) 
4 216 243 (250 -1024 231.804001 ) (0 -1024 231.804001 ) (0 -1024 -582 ) (250 -1024 -582 ) 
4 216 223 (0 -1024 -582 ) (0 -1024 47.017601 ) (0 -160 47.017601 ) (0 -160 -582 ) 
4 216 220 (0 -1024 47.017601 ) (0 -1024 231.804001 ) (0 -160 231.804001 ) (0 -160 47.017601 ) 
4 217 239 (-1024 -724 2018 ) (-1024 0 2018 ) (-1024 0 254.902008 ) (-1024 -724 254.902008 ) 
4 217 218 (0 -724 254.902008 ) (0 -724 2018 ) (-1024 -724 2018 ) (-1024 -724 254.902008 ) 
4 218 244 (0 -1024 231.804001 ) (0 -1024 2018 ) (-1024 -1024 2018 ) (-1024 -1024 231.804001 ) 
4 218 241 (-1024 -1024 231.804001 ) (-1024 -1024 2018 ) (-1024 -724 2018 ) (-1024 -724 231.804001 ) 
4 218 221 (-640 -1024 231.804001 ) (-672 -1024 231.804001 ) (-672 -724 231.804001 ) (-640 -724 231.804001 ) 
4 218 222 (-672 -1024 231.804001 ) (-1024 -1024 231.804001 ) (-1024 -724 231.804001 ) (-672 -724 231.804001 ) 
4 218 220 (0 -724 231.804001 ) (0 -1024 231.804001 ) (-640 -1024 231.804001 ) (-640 -724 231.804001 ) 
4 220 244 (0 -1024 47.017601 ) (0 -1024 231.804001 ) (-640 -1024 231.804001 ) (-640 -1024 47.017601 ) 
4 220 223 (0 -1024 47.017601 ) (-640 -1024 47.017601 ) (-640 -160 47.017601 ) (0 -160 47.017601 ) 
4 220 221 (-640 -160 47.017601 ) (-640 -1024 47.017601 ) (-640 -1024 231.804001 ) (-640 -160 231.804001 ) 
4 221 244 (-640 -1024 231.804001 ) (-672 -1024 231.804001 ) (-672 -1024 47.017601 ) (-640 -1024 47.017601 ) 
4 221 223 (-640 -1024 47.017601 ) (-672 -1024 47.017601 ) (-672 -160 47.017601 ) (-640 -160 47.017601 ) 
4 221 222 (-672 -160 47.017601 ) (-672 -1024 47.017601 ) (-672 -1024 231.804001 ) (-672 -160 231.804001 ) 
4 222 244 (-672 -1024 231.804001 ) (-1024 -1024 231.804001 ) (-1024 -1024 47.017601 ) (-672 -1024 47.017601 ) 
4 222 240 (-1024 -724 231.804001 ) (-1024 0 231.804001 ) (-1024 0 47.017601 ) (-1024 -724 47.017601 ) 
4 222 241 (-1024 -1024 47.017601 ) (-1024 -1024 231.804001 ) (-1024 -724 231.804001 ) (-1024 -724 47.017601 ) 
4 222 223 (-672 -1024 47.017601 ) (-1024 -1024 47.017601 ) (-1024 0 47.017601 ) (-672 0 47.017601 ) 
4 223 244 (0 -1024 -582 ) (0 -1024 47.017601 ) (-1024 -1024 47.017601 ) (-1024 -1024 -582 ) 
4 223 240 (-1024 -724 47.017601 ) (-1024 0 47.017601 ) (-1024 0 -582 ) (-1024 -724 -582 ) 
4 223 241 (-1024 -1024 -582 ) (-1024 -1024 47.017601 ) (-1024 -724 47.017601 ) (-1024 -724 -582 ) 
4 224 227 (-1472 768 231.804001 ) (-1472 1024 231.804001 ) (-1024 1024 231.804001 ) (-1024 768 231.804001 ) 
4 224 226 (-1472 1024 231.804001 ) (-1472 768 231.804001 ) (-1472 768 2018 ) (-1472 1024 2018 ) 
4 224 225 (-1472 768 2018 ) (-1472 768 254.902008 ) (-1024 768 254.902008 ) (-1024 768 2018 ) 
4 225 239 (-1024 0 254.902008 ) (-1024 0 2018 ) (-1472 0 2018 ) (-1472 0 254.902008 ) 
4 225 226 (-1472 0 254.902008 ) (-1472 0 2018 ) (-1472 768 2018 ) (-1472 768 254.902008 ) 
4 226 242 (-1472 0 2018 ) (-1782 0 2018 ) (-1782 0 231.804001 ) (-1472 0 231.804001 ) 
4 226 238 (-1485 0 231.804001 ) (-1782 0 231.804001 ) (-1782 1024 231.804001 ) (-1485 1024 231.804001 ) 
4 226 227 (-1485 561 231.804001 ) (-1485 1024 231.804001 ) (-1472 1024 231.804001 ) (-1472 561 231.804001 ) 
4 226 236 (-1472 0 231.804001 ) (-1485 0 231.804001 ) (-1485 241 231.804001 ) (-1472 241 231.804001 ) 
4 227 238 (-1485 561 231.804001 ) (-1485 1024 231.804001 ) (-1485 1024 44.468399 ) (-1485 561 44.468399 ) 
4 227 235 (-1485 561 47.017601 ) (-1485 561 44.468399 ) (-1456 561 44.468399 ) (-1456 561 47.017601 ) 
4 227 233 (-1456 561 44.468399 ) (-1453 561 44.468399 ) (-1453 561 47.017601 ) (-1456 561 47.017601 ) 
4 227 228 (-1453 561 44.468399 ) (-1024 561 44.468399 ) (-1024 561 231.804001 ) (-1453 561 231.804001 ) 
4 227 237 (-1485 561 44.468399 ) (-1485 1024 44.468399 ) (-1024 1024 44.468399 ) (-1024 561 44.468399 ) 
4 228 233 (-1453 561 47.017601 ) (-1453 561 44.468399 ) (-1453 560 44.468399 ) (-1453 560 47.017601 ) 
4 228 229 (-1453 560 47.017601 ) (-1453 560 44.468399 ) (-1024 560 44.468399 ) (-1024 560 47.017601 ) 
4 228 237 (-1453 561 44.468399 ) (-1024 561 44.468399 ) (-1024 560 44.468399 ) (-1453 560 44.468399 ) 
4 229 233 (-1453 560 44.468399 ) (-1453 528 44.468399 ) (-1453 528 47.017601 ) (-1453 560 47.017601 ) 
4 229 237 (-1024 560 44.468399 ) (-1024 528 44.468399 ) (-1453 528 44.468399 ) (-1453 560 44.468399 ) 
4 231 234 (-1453 288 44.468399 ) (-1453 256 44.468399 ) (-1453 256 47.017601 ) (-1453 288 47.017601 ) 
4 231 232 (-1453 256 47.017601 ) (-1453 256 44.468399 ) (-1024 256 44.468399 ) (-1024 256 47.017601 ) 
4 231 237 (-1024 288 44.468399 ) (-1024 256 44.468399 ) (-1453 256 44.468399 ) (-1453 288 44.468399 ) 
4 232 234 (-1453 256 44.468399 ) (-1453 241 44.468399 ) (-1453 241 47.017601 ) (-1453 256 47.017601 ) 
4 232 236 (-1453 241 44.468399 ) (-1024 241 44.468399 ) (-1024 241 231.804001 ) (-1453 241 231.804001 ) 
4 232 237 (-1024 256 44.468399 ) (-1024 241 44.468399 ) (-1453 241 44.468399 ) (-1453 256 44.468399 ) 
4 233 235 (-1456 561 47.017601 ) (-1456 561 44.468399 ) (-1456 528 44.468399 ) (-1456 528 47.017601 ) 
4 233 237 (-1456 561 44.468399 ) (-1453 561 44.468399 ) (-1453 528 44.468399 ) (-1456 528 44.468399 ) 
4 234 235 (-1456 241 44.468399 ) (-1456 241 47.017601 ) (-1456 288 47.017601 ) (-1456 288 44.468399 ) 
4 234 237 (-1453 288 44.468399 ) (-1453 241 44.468399 ) (-1456 241 44.468399 ) (-1456 288 44.468399 ) 
4 234 236 (-1456 241 44.468399 ) (-1453 241 44.468399 ) (-1453 241 47.017601 ) (-1456 241 47.017601 ) 
4 235 238 (-1485 561 47.017601 ) (-1485 561 44.468399 ) (-1485 241 44.468399 ) (-1485 241 47.017601 ) 
4 235 236 (-1485 241 47.017601 ) (-1485 241 44.468399 ) (-1456 241 44.468399 ) (-1456 241 47.017601 ) 
4 235 237 (-1485 241 44.468399 ) (-1485 561 44.468399 ) (-1456 561 44.468399 ) (-1456 241 44.468399 ) 
4 236 242 (-1472 0 231.804001 ) (-1485 0 231.804001 ) (-1485 0 44.468399 ) (-1472 0 44.468399 ) 
4 236 240 (-1024 0 44.468399 ) (-1024 0 231.804001 ) (-1472 0 231.804001 ) (-1472 0 44.468399 ) 
4 236 238 (-1485 0 44.468399 ) (-1485 0 231.804001 ) (-1485 241 231.804001 ) (-1485 241 44.468399 ) 
4 236 237 (-1485 0 44.468399 ) (-1485 241 44.468399 ) (-1024 241 44.468399 ) (-1024 0 44.468399 ) 
4 237 242 (-1472 0 44.468399 ) (-1485 0 44.468399 ) (-1485 0 -582 ) (-1472 0 -582 ) 
4 237 240 (-1024 0 -582 ) (-1024 0 44.468399 ) (-1472 0 44.468399 ) (-1472 0 -582 ) 
4 237 238 (-1485 1024 -582 ) (-1485 0 -582 ) (-1485 0 44.468399 ) (-1485 1024 44.468399 ) 
4 238 242 (-1485 0 231.804001 ) (-1782 0 231.804001 ) (-1782 0 -582 ) (-1485 0 -582 ) 
4 239 242 (-1472 -724 254.902008 ) (-1472 -724 2018 ) (-1472 0 2018 ) (-1472 0 254.902008 ) 
4 239 241 (-1472 -724 2018 ) (-1472 -724 254.902008 ) (-1024 -724 254.902008 ) (-1024 -724 2018 ) 
4 240 242 (-1472 0 -582 ) (-1472 -724 -582 ) (-1472 -724 231.804001 ) (-1472 0 231.804001 ) 
4 240 241 (-1472 -724 231.804001 ) (-1472 -724 -582 ) (-1024 -724 -582 ) (-1024 -724 231.804001 ) 
4 241 245 (-1024 -1024 -582 ) (-1024 -1024 2018 ) (-1472 -1024 2018 ) (-1472 -1024 -582 ) 
4 241 242 (-1472 -724 -582 ) (-1472 -1024 -582 ) (-1472 -1024 2018 ) (-1472 -724 2018 ) 
4 242 245 (-1472 -1024 2018 ) (-1782 -1024 2018 ) (-1782 -1024 -582 ) (-1472 -1024 -582 ) 
4 243 244 (0 -1024 2018 ) (0 -1024 -582 ) (0 -1585 -582 ) (0 -1585 2018 ) 
4 244 245 (-1024 -1024 2018 ) (-1024 -1024 -582 ) (-1024 -1585 -582 ) (-1024 -1585 2018 ) 
