


materialPath: F:\SteamLibrary\steamapps\common\GarrysMod\garrysmod\materials
Loading F:\gmod\gmod maps\gm_lost_tunnels\maps\gm_lost_tunnels.vmf
fixing up env_cubemap materials on brush sides...
0...1...2...3...4...5...6...7...8...9...100...1...2...3...4...5...6...7...8...9...10Processing areas...done (0)
Building Faces...done (0)
FixTjuncs...
PruneNodes...
WriteBSP...
done (0)
writing F:\gmod\gmod maps\gm_lost_tunnels\maps\gm_lost_tunnels.prt...
Building visibility clusters...
done (0)
Creating default LDR cubemaps for env_cubemap using skybox materials:
   skybox/sky_day01_01*.vmt
 ! Run buildcubemaps in the engine to get the correct cube maps.
*** Error: Skybox vtf files for skybox/sky_day01_01 weren't compiled with the same size texture and/or same flags!
Can't load skybox file skybox/sky_day01_01 to build the default cubemap!
Finding displacement neighbors...
Finding lightmap sample positions...
Displacement Alpha : 0...1...2...3...4...5...6...7...8...9...10
Building Physics collision data...
done (0) (66554 bytes)
Placing detail props : 0...1...2...3...4...5...6...7...8...9...10
Water found with no water_lod_control entity, creating a default one.
Compacting texture/material tables...
Reduced 344 texinfos to 283
Reduced 19 texdatas to 16 (484 bytes to 361)
Writing F:\gmod\gmod maps\gm_lost_tunnels\maps\gm_lost_tunnels.bsp
0 seconds elapsed



12 threads
reading f:\gmod\gmod maps\gm_lost_tunnels\maps\gm_lost_tunnels.bsp
reading f:\gmod\gmod maps\gm_lost_tunnels\maps\gm_lost_tunnels.prt
 246 portalclusters
 765 numportals
0...1...2...3...4...5...6...7...8...9...100...1...2...3...4...5...6...7...8...9...10Optimized: 27 visible clusters (0.11%)
Total clusters visible: 25489
Average clusters visible: 103
Building PAS...
Average clusters audible: 127
visdatasize:15244  compressed from 15744
writing f:\gmod\gmod maps\gm_lost_tunnels\maps\gm_lost_tunnels.bsp
1 second elapsed



[Reading texlights from 'lights.rad']
[45 texlights parsed from 'lights.rad']

Loading f:\gmod\gmod maps\gm_lost_tunnels\maps\gm_lost_tunnels.bsp
PREP OK
1191 faces
712400 square feet [102585712.00 square inches]
0 Displacements
0 Square Feet [0.00 Square Inches]
1191 patches before subdivision
19329 patches after subdivision
114 direct lights
0...1...2...3...4...5...6...7...8...9...100...1...2...3...4...5...6...7...8...9...10transfers 828689, max 256
transfer lists:   6.3 megs
0...1...2...3...4...5...6...7...8...9...10	Bounce #1 added RGB(5413, 5052, 4204)
0...1...2...3...4...5...6...7...8...9...10	Bounce #2 added RGB(576, 504, 353)
0...1...2...3...4...5...6...7...8...9...10	Bounce #3 added RGB(80, 67, 40)
0...1...2...3...4...5...6...7...8...9...10	Bounce #4 added RGB(13, 10, 5)
0...1...2...3...4...5...6...7...8...9...10	Bounce #5 added RGB(2, 2, 1)
0...1...2...3...4...5...6...7...8...9...10	Bounce #6 added RGB(0, 0, 0)
Build Patch/Sample Hash Table(s).....Done<0.0042 sec>
0...1...2...3...4...5...6...7...8...9...10FinalLightFace Done
0 of 0 (0% of) surface lights went in leaf ambient cubes.
0...1...2...3...4...5...6...7...8...9...10Writing leaf ambient...done
Ready to Finish

Object names       Objects/Maxobjs  Memory / Maxmem  Fullness 
------------       ---------------  ---------------  -------- 
models                  68/4096         3264/196608   ( 1.7%) 
brushes                137/16384        1644/196608   ( 0.8%) 
brushsides             902/163840       7216/1310720  ( 0.6%) 
planes                1118/65536       22360/1310720  ( 1.7%) 
vertexes              1696/65536       20352/786432   ( 2.6%) 
nodes                  919/65536       29408/2097152  ( 1.4%) 
texinfos               283/16384       20376/1179648  ( 1.7%) 
texdata                 16/8192          512/262144   ( 0.2%) 
dispinfos                0/0               0/0        ( 0.0%) 
disp_verts               0/0               0/0        ( 0.0%) 
disp_tris                0/0               0/0        ( 0.0%) 
disp_lmsamples           0/0               0/0        ( 0.0%) 
faces                 1191/65536       66696/3670016  ( 1.8%) 
hdr faces                0/65536           0/3670016  ( 0.0%) 
origfaces              680/65536       38080/3670016  ( 1.0%) 
leaves                 988/65536       31616/2097152  ( 1.5%) 
leaffaces             1311/65536        2622/131072   ( 2.0%) 
leafbrushes            361/65536         722/131072   ( 0.6%) 
areas                    4/1024           32/8192     ( 0.4%) 
surfedges             8070/512000      32280/2048000  ( 1.6%) 
edges                 4286/256000      17144/1024000  ( 1.7%) 
LDR worldlights        114/8192        10032/720896   ( 1.4%) 
HDR worldlights          0/8192            0/720896   ( 0.0%) 
leafwaterdata            2/32768          24/393216   ( 0.0%) 
waterstrips             51/32768         510/327680   ( 0.2%) 
waterverts               0/65536           0/786432   ( 0.0%) 
waterindices           771/65536        1542/131072   ( 1.2%) 
cubemapsamples           0/1024            0/16384    ( 0.0%) 
overlays                 0/8192            0/2883584  ( 0.0%) 
LDR lightdata         [variable]     1397960/0        ( 0.0%) 
HDR lightdata         [variable]           0/0        ( 0.0%) 
visdata               [variable]       15244/16777216 ( 0.1%) 
entdata               [variable]      141997/393216   (36.1%) 
LDR ambient table      988/65536        3952/262144   ( 1.5%) 
HDR ambient table      988/65536        3952/262144   ( 1.5%) 
LDR leaf ambient      2326/65536       65128/1835008  ( 3.5%) 
HDR leaf ambient       988/65536       27664/1835008  ( 1.5%) 
occluders                0/0               0/0        ( 0.0%) 
occluder polygons        0/0               0/0        ( 0.0%) 
occluder vert ind        0/0               0/0        ( 0.0%) 
detail props          [variable]           1/12       ( 8.3%) 
static props          [variable]           1/4872     ( 0.0%) 
pakfile               [variable]       25490/0        ( 0.0%) 
physics               [variable]       66554/4194304  ( 1.6%) 
physics terrain       [variable]           2/1048576  ( 0.0%) 

Level flags = 0

Total triangle count: 2934
Writing f:\gmod\gmod maps\gm_lost_tunnels\maps\gm_lost_tunnels.bsp
2 seconds elapsed
